internal/modules/cjs/loader.js:638
    throw err;
    ^

Error: Cannot find module 'mysql'
    at Function.Module._resolveFilename (internal/modules/cjs/loader.js:636:15)
    at Function.Module._load (internal/modules/cjs/loader.js:562:25)
    at Module.require (internal/modules/cjs/loader.js:692:17)
    at require (internal/modules/cjs/helpers.js:25:18)
    at Object.<anonymous> (/var/www/html/grassworld-backend.js:4:12)
    at Module._compile (internal/modules/cjs/loader.js:778:30)
    at Object.Module._extensions..js (internal/modules/cjs/loader.js:789:10)
    at Module.load (internal/modules/cjs/loader.js:653:32)
    at tryModuleLoad (internal/modules/cjs/loader.js:593:12)
    at Function.Module._load (internal/modules/cjs/loader.js:585:3)
internal/modules/cjs/loader.js:638
    throw err;
    ^

Error: Cannot find module 'mysql'
    at Function.Module._resolveFilename (internal/modules/cjs/loader.js:636:15)
    at Function.Module._load (internal/modules/cjs/loader.js:562:25)
    at Module.require (internal/modules/cjs/loader.js:692:17)
    at require (internal/modules/cjs/helpers.js:25:18)
    at Object.<anonymous> (/var/www/html/grassworld-backend.js:4:12)
    at Module._compile (internal/modules/cjs/loader.js:778:30)
    at Object.Module._extensions..js (internal/modules/cjs/loader.js:789:10)
    at Module.load (internal/modules/cjs/loader.js:653:32)
    at tryModuleLoad (internal/modules/cjs/loader.js:593:12)
    at Function.Module._load (internal/modules/cjs/loader.js:585:3)
internal/modules/cjs/loader.js:638
    throw err;
    ^

Error: Cannot find module 'mysql'
    at Function.Module._resolveFilename (internal/modules/cjs/loader.js:636:15)
    at Function.Module._load (internal/modules/cjs/loader.js:562:25)
    at Module.require (internal/modules/cjs/loader.js:692:17)
    at require (internal/modules/cjs/helpers.js:25:18)
    at Object.<anonymous> (/var/www/html/grassworld-backend.js:4:12)
    at Module._compile (internal/modules/cjs/loader.js:778:30)
    at Object.Module._extensions..js (internal/modules/cjs/loader.js:789:10)
    at Module.load (internal/modules/cjs/loader.js:653:32)
    at tryModuleLoad (internal/modules/cjs/loader.js:593:12)
    at Function.Module._load (internal/modules/cjs/loader.js:585:3)
internal/modules/cjs/loader.js:638
    throw err;
    ^

Error: Cannot find module 'express'
    at Function.Module._resolveFilename (internal/modules/cjs/loader.js:636:15)
    at Function.Module._load (internal/modules/cjs/loader.js:562:25)
    at Module.require (internal/modules/cjs/loader.js:692:17)
    at require (internal/modules/cjs/helpers.js:25:18)
    at Object.<anonymous> (/var/www/html/grassworld-backend.js:6:17)
    at Module._compile (internal/modules/cjs/loader.js:778:30)
    at Object.Module._extensions..js (internal/modules/cjs/loader.js:789:10)
    at Module.load (internal/modules/cjs/loader.js:653:32)
    at tryModuleLoad (internal/modules/cjs/loader.js:593:12)
    at Function.Module._load (internal/modules/cjs/loader.js:585:3)
STARTED at 2020-01-05 17:53
STARTED on port 81
/var/www/html/node_modules/mysql/lib/protocol/Parser.js:437
      throw err; // Rethrow non-MySQL errors
      ^

Error: ER_ACCESS_DENIED_ERROR: Access denied for user 'shroudycloudy'@'localhost' (using password: YES)
    at Handshake.Sequence._packetToError (/var/www/html/node_modules/mysql/lib/protocol/sequences/Sequence.js:47:14)
    at Handshake.ErrorPacket (/var/www/html/node_modules/mysql/lib/protocol/sequences/Handshake.js:123:18)
    at Protocol._parsePacket (/var/www/html/node_modules/mysql/lib/protocol/Protocol.js:291:23)
    at Parser._parsePacket (/var/www/html/node_modules/mysql/lib/protocol/Parser.js:433:10)
    at Parser.write (/var/www/html/node_modules/mysql/lib/protocol/Parser.js:43:10)
    at Protocol.write (/var/www/html/node_modules/mysql/lib/protocol/Protocol.js:38:16)
    at Socket.<anonymous> (/var/www/html/node_modules/mysql/lib/Connection.js:91:28)
    at Socket.<anonymous> (/var/www/html/node_modules/mysql/lib/Connection.js:525:10)
    at Socket.emit (events.js:198:13)
    at addChunk (_stream_readable.js:288:12)
    --------------------
    at Protocol._enqueue (/var/www/html/node_modules/mysql/lib/protocol/Protocol.js:144:48)
    at Protocol.handshake (/var/www/html/node_modules/mysql/lib/protocol/Protocol.js:51:23)
    at Connection.connect (/var/www/html/node_modules/mysql/lib/Connection.js:119:18)
    at Object.<anonymous> (/var/www/html/grassworld-backend.js:31:5)
    at Module._compile (internal/modules/cjs/loader.js:778:30)
    at Object.Module._extensions..js (internal/modules/cjs/loader.js:789:10)
    at Module.load (internal/modules/cjs/loader.js:653:32)
    at tryModuleLoad (internal/modules/cjs/loader.js:593:12)
    at Function.Module._load (internal/modules/cjs/loader.js:585:3)
    at Function.Module.runMain (internal/modules/cjs/loader.js:831:12)
STARTED at 2020-01-05 17:56
STARTED on port 81
DBMS Connected OK 1
DBMS Connected OK 2
STARTED at 2020-01-05 18:05
STARTED on port 81
DBMS Connected OK 1
DBMS Connected OK 2
CONNECT -> CALENDAR
2020-01-05 18:05
TypeError [ERR_INVALID_CALLBACK]: Callback must be a function
    at maybeCallback (fs.js:128:9)
    at Object.appendFile (fs.js:1217:14)
    at db (/var/www/html/grassworld-backend.js:70:6)
    at app.get (/var/www/html/grassworld-backend.js:50:39)
    at Layer.handle [as handle_request] (/var/www/html/node_modules/express/lib/router/layer.js:95:5)
    at next (/var/www/html/node_modules/express/lib/router/route.js:137:13)
    at Route.dispatch (/var/www/html/node_modules/express/lib/router/route.js:112:3)
    at Layer.handle [as handle_request] (/var/www/html/node_modules/express/lib/router/layer.js:95:5)
    at /var/www/html/node_modules/express/lib/router/index.js:281:22
    at Function.process_params (/var/www/html/node_modules/express/lib/router/index.js:335:12)
CONNECT -> CALENDAR
2020-01-05 18:07
TypeError [ERR_INVALID_CALLBACK]: Callback must be a function
    at maybeCallback (fs.js:128:9)
    at Object.appendFile (fs.js:1217:14)
    at db (/var/www/html/grassworld-backend.js:70:6)
    at app.get (/var/www/html/grassworld-backend.js:50:39)
    at Layer.handle [as handle_request] (/var/www/html/node_modules/express/lib/router/layer.js:95:5)
    at next (/var/www/html/node_modules/express/lib/router/route.js:137:13)
    at Route.dispatch (/var/www/html/node_modules/express/lib/router/route.js:112:3)
    at Layer.handle [as handle_request] (/var/www/html/node_modules/express/lib/router/layer.js:95:5)
    at /var/www/html/node_modules/express/lib/router/index.js:281:22
    at Function.process_params (/var/www/html/node_modules/express/lib/router/index.js:335:12)
STARTED at 2020-01-05 19:25
STARTED on port 81
DBMS Connected OK
CONNECT -> DB -> GET /db/?name=grassworld&tk=a1b2c3d4
2020-01-05 19:25
CONNECT -> DB -> GET /db/?name=grassworld&tk=a1b2c3d4
2020-01-05 19:35
CONNECT -> DB -> GET /db/?name=grassworld&tk=a1b2c3d4
2020-01-05 21:52
CONNECT -> DB -> GET /db/?name=grassworld&tk=a1b2c3d4
2020-01-05 21:52
CONNECT -> DB -> GET /db/?name=grassworld&tk=a1b2c3d4
2020-01-05 21:53
CONNECT -> DB -> GET /db/?name=grassworld&tk=a1b2c3d4
2020-01-05 21:53
CONNECT -> DB -> GET /db/?name=grassworld&tk=a1b2c3d4
2020-01-05 22:22
CONNECT -> DB -> GET /db/?name=grassworld&tk=a1b2c3d4
2020-01-05 22:23
CONNECT -> DB -> GET /db/?name=grassworld&tk=a1b2c3d4
2020-01-05 22:24
events.js:174
      throw er; // Unhandled 'error' event
      ^

Error: read ECONNRESET
    at TCP.onStreamRead (internal/stream_base_commons.js:111:27)
Emitted 'error' event at:
    at Connection._handleProtocolError (/var/www/html/node_modules/mysql/lib/Connection.js:426:8)
    at Protocol.emit (events.js:198:13)
    at Protocol._delegateError (/var/www/html/node_modules/mysql/lib/protocol/Protocol.js:398:10)
    at Protocol.handleNetworkError (/var/www/html/node_modules/mysql/lib/protocol/Protocol.js:371:10)
    at Connection._handleNetworkError (/var/www/html/node_modules/mysql/lib/Connection.js:421:18)
    at Socket.emit (events.js:198:13)
    at emitErrorNT (internal/streams/destroy.js:91:8)
    at emitErrorAndCloseNT (internal/streams/destroy.js:59:3)
    at process._tickCallback (internal/process/next_tick.js:63:19)
STARTED at 2020-01-06 09:18
STARTED on port 81
DBMS Connected OK
STARTED at 2020-01-09 19:56
STARTED on port 81
DBMS Connected OK
CONNECT -> DB -> GET /db/?name=grassworld&tk=a1b2c3d4
2020-01-09 20:21
CONNECT -> DB -> GET /db/?name=grassworld&tk=a1b2c3d4
2020-01-09 20:22
STARTED at 2020-01-10 14:33
STARTED on port 81
2020-01-10 14:36
CONNECT -> DB -> GET /db/?name=grassworld&tk=a1b2c3d4
RESPONSE -> <canvas id="grassworld"></canvas><!-- <div id="grassworld">Hello <b>grassworld</b>.</div>-->
2020-01-10 14:36
CONNECT -> DB -> GET /db/?name=grassworld&tk=a1b2c3d4
RESPONSE -> <canvas id="grassworld"></canvas><!-- <div id="grassworld">Hello <b>grassworld</b>.</div>-->
2020-01-10 14:36
CONNECT -> DB -> GET /db/?name=grassworld&tk=a1b2c3d4
RESPONSE -> <canvas id="grassworld"></canvas><!-- <div id="grassworld">Hello <b>grassworld</b>.</div>-->
2020-01-10 14:36
CONNECT -> DB -> GET /db/?name=grassworld&tk=a1b2c3d4
RESPONSE -> <canvas id="grassworld"></canvas><!-- <div id="grassworld">Hello <b>grassworld</b>.</div>-->
2020-01-10 14:37
CONNECT -> DB -> GET /db/?name=grassworld&tk=a1b2c3d4
RESPONSE -> <canvas id="grassworld"></canvas><!-- <div id="grassworld">Hello <b>grassworld</b>.</div>-->
2020-01-10 14:37
CONNECT -> DB -> GET /db/?name=grassworld&tk=a1b2c3d4
RESPONSE -> <canvas id="grassworld"></canvas><!-- <div id="grassworld">Hello <b>grassworld</b>.</div>-->
2020-01-10 14:37
CONNECT -> DB -> GET /db/?name=grassworld&tk=a1b2c3d4
RESPONSE -> <canvas id="grassworld"></canvas><!-- <div id="grassworld">Hello <b>grassworld</b>.</div>-->
2020-01-10 14:49
CONNECT -> DB -> GET /db/?name=grassworld&tk=a1b2c3d4
RESPONSE -> <canvas id="grassworld"></canvas><!-- <div id="grassworld">Hello <b>grassworld</b>.</div>-->
2020-01-10 14:52
CONNECT -> DB -> GET /db/?name=grassworld&tk=a1b2c3d4
RESPONSE -> <canvas id="grassworld"></canvas><!-- <div id="grassworld">Hello <b>grassworld</b>.</div>-->
2020-01-10 14:52
CONNECT -> DB -> GET /db/?name=grassworld&tk=a1b2c3d4
RESPONSE -> <canvas id="grassworld"></canvas><!-- <div id="grassworld">Hello <b>grassworld</b>.</div>-->
2020-01-10 14:52
CONNECT -> DB -> GET /db/?name=grassworld&tk=a1b2c3d4
RESPONSE -> <canvas id="grassworld"></canvas><!-- <div id="grassworld">Hello <b>grassworld</b>.</div>-->
2020-01-10 14:52
CONNECT -> DB -> GET /db/?name=grassworld&tk=a1b2c3d4
RESPONSE -> <canvas id="grassworld"></canvas><!-- <div id="grassworld">Hello <b>grassworld</b>.</div>-->
2020-01-10 14:53
CONNECT -> DB -> GET /db/?name=grassworld&tk=a1b2c3d4
RESPONSE -> <canvas id="grassworld"></canvas><!-- <div id="grassworld">Hello <b>grassworld</b>.</div>-->
2020-01-10 14:53
CONNECT -> DB -> GET /db/?name=grassworld&tk=a1b2c3d4
RESPONSE -> <canvas id="grassworld"></canvas><!-- <div id="grassworld">Hello <b>grassworld</b>.</div>-->
2020-01-10 14:53
CONNECT -> DB -> GET /db/?name=grassworld&tk=a1b2c3d4
RESPONSE -> <canvas id="grassworld"></canvas><!-- <div id="grassworld">Hello <b>grassworld</b>.</div>-->
2020-01-10 15:00
CONNECT -> DB -> GET /db/?name=grassworld&tk=a1b2c3d4
RESPONSE -> <canvas id="grassworld"></canvas><!-- <div id="grassworld">Hello <b>grassworld</b>.</div>-->
2020-01-10 15:01
CONNECT -> DB -> GET /db/?name=grassworld&tk=a1b2c3d4
RESPONSE -> <canvas id="grassworld"></canvas><!-- <div id="grassworld">Hello <b>grassworld</b>.</div>-->
2020-01-10 15:02
CONNECT -> DB -> GET /db/?name=grassworld&tk=a1b2c3d4
RESPONSE -> <canvas id="grassworld"></canvas><!-- <div id="grassworld">Hello <b>grassworld</b>.</div>-->
2020-01-10 15:07
CONNECT -> DB -> GET /db/?name=grassworld&tk=a1b2c3d4
RESPONSE -> <canvas id="grassworld"></canvas>
2020-01-10 15:52
CONNECT -> DB -> GET /db/?name=grassworld&tk=a1b2c3d4
RESPONSE -> <canvas id="grassworld"></canvas>
2020-01-10 15:52
CONNECT -> DB -> GET /db/?name=grassworld&tk=a1b2c3d4
RESPONSE -> <canvas id="grassworld"></canvas>
2020-01-10 20:11
CONNECT -> DB -> GET /db/?name=grassworld&tk=a1b2c3d4
RESPONSE -> <canvas id="grassworld"></canvas>
2020-01-10 20:12
CONNECT -> DB -> GET /db/?name=grassworld&tk=a1b2c3d4
RESPONSE -> <canvas id="grassworld"></canvas>
2020-01-10 22:59
CONNECT -> DB -> GET /db/?name=grassworld&tk=a1b2c3d4
RESPONSE -> <canvas id="grassworld"></canvas>
2020-01-10 22:59
CONNECT -> DB -> GET /db/?name=grassworld&tk=a1b2c3d4
RESPONSE -> <canvas id="grassworld"></canvas>
2020-01-10 23:02
CONNECT -> DB -> GET /db/?name=grassworld&tk=a1b2c3d4
RESPONSE -> <canvas id="grassworld"></canvas>
2020-01-10 23:04
CONNECT -> DB -> GET /db/?name=grassworld&tk=a1b2c3d4
RESPONSE -> <canvas id="grassworld"></canvas>
2020-01-10 23:04
CONNECT -> DB -> GET /db/?name=grassworld&tk=a1b2c3d4
RESPONSE -> <canvas id="grassworld"></canvas>
2020-01-10 23:04
CONNECT -> DB -> GET /db/?name=grassworld&tk=a1b2c3d4
RESPONSE -> <canvas id="grassworld"></canvas>
2020-01-10 23:06
CONNECT -> DB -> GET /db/?name=grassworld&tk=a1b2c3d4
RESPONSE -> <canvas id="grassworld"></canvas>
events.js:174
      throw er; // Unhandled 'error' event
      ^

Error: read ECONNRESET
    at TCP.onStreamRead (internal/stream_base_commons.js:111:27)
Emitted 'error' event at:
    at Connection._handleProtocolError (/var/www/html/node_modules/mysql/lib/Connection.js:426:8)
    at Protocol.emit (events.js:198:13)
    at Protocol._delegateError (/var/www/html/node_modules/mysql/lib/protocol/Protocol.js:398:10)
    at Protocol.handleNetworkError (/var/www/html/node_modules/mysql/lib/protocol/Protocol.js:371:10)
    at Connection._handleNetworkError (/var/www/html/node_modules/mysql/lib/Connection.js:421:18)
    at Socket.emit (events.js:198:13)
    at emitErrorNT (internal/streams/destroy.js:91:8)
    at emitErrorAndCloseNT (internal/streams/destroy.js:59:3)
    at process._tickCallback (internal/process/next_tick.js:63:19)
STARTED at 2020-01-11 21:19
STARTED on port 81
2020-01-11 21:20
CONNECT -> DB -> GET /db/?name=grassworld&tk=a1b2c3d4
RESPONSE -> <canvas id="grassworld"></canvas>
STARTED at 2020-01-12 15:17
STARTED on port 81
2020-01-12 15:17
CONNECT -> DB -> GET /db/?name=editorselection&tk=a1b2c3d4
2020-01-12 15:17
CONNECT -> DB -> GET /db/?name=grassworld&tk=a1b2c3d4
RESPONSE -> error
RESPONSE -> <canvas id="grassworld"></canvas>
2020-01-12 15:21
CONNECT -> DB -> GET /db/?name=grassworld&tk=a1b2c3d4
RESPONSE -> <canvas id="grassworld"></canvas>
2020-01-12 15:21
CONNECT -> DB -> GET /db/?name=editorselection&tk=a1b2c3d4
RESPONSE -> error
2020-01-12 15:21
CONNECT -> DB -> GET /db/?name=grassworld&tk=a1b2c3d4
RESPONSE -> <canvas id="grassworld"></canvas>
2020-01-12 15:21
CONNECT -> DB -> GET /db/?name=editorselection&tk=a1b2c3d4
RESPONSE -> error
2020-01-12 15:21
CONNECT -> DB -> GET /db/?name=grassworld&tk=a1b2c3d4
RESPONSE -> <canvas id="grassworld"></canvas>
2020-01-12 15:21
CONNECT -> DB -> GET /db/?name=editorselection&tk=a1b2c3d4
RESPONSE -> error
2020-01-12 16:39
CONNECT -> DB -> GET /db/?name=grassworld&tk=a1b2c3d4
2020-01-12 16:39
CONNECT -> DB -> GET /db/?world=grassworld&cat=fauna&tk=a1b2c3d4
RESPONSE -> <canvas id="grassworld"></canvas>
2020-01-12 16:39
CONNECT -> DB -> GET /db/?name=editorselection&tk=a1b2c3d4
RESPONSE -> error
RESPONSE -> error
STARTED at 2020-01-12 20:41
STARTED on port 81
2020-01-12 21:18
CONNECT -> DB -> GET /db/?name=grassworld&tk=a1b2c3d4
2020-01-12 21:18
CONNECT -> DB -> GET /db/?world=grassworld&cat=flora&tk=a1b2c3d4
SELECT * FROM things JOIN genus ON things.Tgenus=genus.Gid WHERE Gmobile=0
2020-01-12 21:18
CONNECT -> DB -> GET /db/?world=grassworld&cat=fauna&tk=a1b2c3d4
SELECT * FROM things JOIN genus ON things.Tgenus=genus.Gid WHERE Gmobile=1
2020-01-12 21:18
CONNECT -> DB -> GET /db/?world=grassworld&cat=object&tk=a1b2c3d4
2020-01-12 21:28
CONNECT -> DB -> GET /db/?name=grassworld&tk=a1b2c3d4
2020-01-12 21:28
CONNECT -> DB -> GET /db/?world=grassworld&cat=flora&tk=a1b2c3d4
SELECT * FROM things JOIN genus ON things.Tgenus=genus.Gid WHERE Gmobile=0
2020-01-12 21:28
CONNECT -> DB -> GET /db/?world=grassworld&cat=fauna&tk=a1b2c3d4
SELECT * FROM things JOIN genus ON things.Tgenus=genus.Gid WHERE Gmobile=1
2020-01-12 21:28
CONNECT -> DB -> GET /db/?world=grassworld&cat=object&tk=a1b2c3d4
2020-01-12 21:28
CONNECT -> DB -> GET /db/?name=grassworld&tk=a1b2c3d4
2020-01-12 21:28
CONNECT -> DB -> GET /db/?world=grassworld&cat=flora&tk=a1b2c3d4
SELECT * FROM things JOIN genus ON things.Tgenus=genus.Gid WHERE Gmobile=0
2020-01-12 21:28
CONNECT -> DB -> GET /db/?world=grassworld&cat=fauna&tk=a1b2c3d4
SELECT * FROM things JOIN genus ON things.Tgenus=genus.Gid WHERE Gmobile=1
2020-01-12 21:28
CONNECT -> DB -> GET /db/?world=grassworld&cat=object&tk=a1b2c3d4
2020-01-12 21:30
CONNECT -> DB -> GET /db/?name=grassworld&tk=a1b2c3d4
2020-01-12 21:30
CONNECT -> DB -> GET /db/?world=grassworld&cat=flora&tk=a1b2c3d4
SELECT * FROM things JOIN genus ON things.Tgenus=genus.Gid WHERE Gmobile=0
2020-01-12 21:30
CONNECT -> DB -> GET /db/?world=grassworld&cat=fauna&tk=a1b2c3d4
SELECT * FROM things JOIN genus ON things.Tgenus=genus.Gid WHERE Gmobile=1
2020-01-12 21:30
CONNECT -> DB -> GET /db/?world=grassworld&cat=object&tk=a1b2c3d4
2020-01-12 21:31
CONNECT -> DB -> GET /db/?name=grassworld&tk=a1b2c3d4
2020-01-12 21:31
CONNECT -> DB -> GET /db/?world=grassworld&cat=fauna&tk=a1b2c3d4
SELECT * FROM things JOIN genus ON things.Tgenus=genus.Gid WHERE Gmobile=1
2020-01-12 21:31
CONNECT -> DB -> GET /db/?world=grassworld&cat=object&tk=a1b2c3d4
2020-01-12 21:31
CONNECT -> DB -> GET /db/?world=grassworld&cat=flora&tk=a1b2c3d4
SELECT * FROM things JOIN genus ON things.Tgenus=genus.Gid WHERE Gmobile=0
2020-01-12 21:31
CONNECT -> DB -> GET /db/?name=grassworld&tk=a1b2c3d4
2020-01-12 21:31
CONNECT -> DB -> GET /db/?world=grassworld&cat=fauna&tk=a1b2c3d4
SELECT * FROM things JOIN genus ON things.Tgenus=genus.Gid WHERE Gmobile=1
2020-01-12 21:31
CONNECT -> DB -> GET /db/?world=grassworld&cat=object&tk=a1b2c3d4
2020-01-12 21:31
CONNECT -> DB -> GET /db/?world=grassworld&cat=flora&tk=a1b2c3d4
SELECT * FROM things JOIN genus ON things.Tgenus=genus.Gid WHERE Gmobile=0
2020-01-12 21:31
CONNECT -> DB -> GET /db/?name=grassworld&tk=a1b2c3d4
2020-01-12 21:31
CONNECT -> DB -> GET /db/?world=grassworld&cat=flora&tk=a1b2c3d4
SELECT * FROM things JOIN genus ON things.Tgenus=genus.Gid WHERE Gmobile=0
2020-01-12 21:31
CONNECT -> DB -> GET /db/?world=grassworld&cat=fauna&tk=a1b2c3d4
SELECT * FROM things JOIN genus ON things.Tgenus=genus.Gid WHERE Gmobile=1
2020-01-12 21:31
CONNECT -> DB -> GET /db/?world=grassworld&cat=object&tk=a1b2c3d4
2020-01-12 21:32
CONNECT -> DB -> GET /db/?name=grassworld&tk=a1b2c3d4
2020-01-12 21:32
CONNECT -> DB -> GET /db/?world=grassworld&cat=flora&tk=a1b2c3d4
SELECT * FROM things JOIN genus ON things.Tgenus=genus.Gid WHERE Gmobile=0
2020-01-12 21:32
CONNECT -> DB -> GET /db/?world=grassworld&cat=fauna&tk=a1b2c3d4
SELECT * FROM things JOIN genus ON things.Tgenus=genus.Gid WHERE Gmobile=1
2020-01-12 21:32
CONNECT -> DB -> GET /db/?world=grassworld&cat=object&tk=a1b2c3d4
2020-01-12 21:45
CONNECT -> DB -> GET /db/?name=grassworld&tk=a1b2c3d4
2020-01-12 21:45
CONNECT -> DB -> GET /db/?world=grassworld&cat=flora&tk=a1b2c3d4
SELECT * FROM things JOIN genus ON things.Tgenus=genus.Gid WHERE Gmobile=0
2020-01-12 21:45
CONNECT -> DB -> GET /db/?world=grassworld&cat=object&tk=a1b2c3d4
2020-01-12 21:45
CONNECT -> DB -> GET /db/?world=grassworld&cat=fauna&tk=a1b2c3d4
SELECT * FROM things JOIN genus ON things.Tgenus=genus.Gid WHERE Gmobile=1
2020-01-12 21:45
CONNECT -> DB -> GET /db/?world=grassworld&cat=flora&tk=a1b2c3d4
SELECT * FROM things JOIN genus ON things.Tgenus=genus.Gid WHERE Gmobile=0
2020-01-12 21:45
CONNECT -> DB -> GET /db/?name=grassworld&tk=a1b2c3d4
2020-01-12 21:45
CONNECT -> DB -> GET /db/?world=grassworld&cat=object&tk=a1b2c3d4
2020-01-12 21:45
CONNECT -> DB -> GET /db/?world=grassworld&cat=fauna&tk=a1b2c3d4
SELECT * FROM things JOIN genus ON things.Tgenus=genus.Gid WHERE Gmobile=1
2020-01-12 21:47
CONNECT -> DB -> GET /db/?name=grassworld&tk=a1b2c3d4
2020-01-12 21:47
CONNECT -> DB -> GET /db/?world=grassworld&cat=flora&tk=a1b2c3d4
SELECT * FROM things JOIN genus ON things.Tgenus=genus.Gid WHERE Gmobile=0
2020-01-12 21:47
CONNECT -> DB -> GET /db/?world=grassworld&cat=fauna&tk=a1b2c3d4
SELECT * FROM things JOIN genus ON things.Tgenus=genus.Gid WHERE Gmobile=1
2020-01-12 21:47
CONNECT -> DB -> GET /db/?world=grassworld&cat=object&tk=a1b2c3d4
2020-01-12 21:50
CONNECT -> DB -> GET /db/?name=grassworld&tk=a1b2c3d4
2020-01-12 21:50
CONNECT -> DB -> GET /db/?world=grassworld&cat=flora&tk=a1b2c3d4
SELECT * FROM things JOIN genus ON things.Tgenus=genus.Gid WHERE Gmobile=0
2020-01-12 21:50
CONNECT -> DB -> GET /db/?world=grassworld&cat=fauna&tk=a1b2c3d4
SELECT * FROM things JOIN genus ON things.Tgenus=genus.Gid WHERE Gmobile=1
2020-01-12 21:50
CONNECT -> DB -> GET /db/?world=grassworld&cat=object&tk=a1b2c3d4
2020-01-12 21:50
CONNECT -> DB -> GET /db/?name=grassworld&tk=a1b2c3d4
2020-01-12 21:50
CONNECT -> DB -> GET /db/?world=grassworld&cat=flora&tk=a1b2c3d4
SELECT * FROM things JOIN genus ON things.Tgenus=genus.Gid WHERE Gmobile=0
2020-01-12 21:50
CONNECT -> DB -> GET /db/?world=grassworld&cat=fauna&tk=a1b2c3d4
SELECT * FROM things JOIN genus ON things.Tgenus=genus.Gid WHERE Gmobile=1
2020-01-12 21:50
CONNECT -> DB -> GET /db/?world=grassworld&cat=object&tk=a1b2c3d4
2020-01-12 21:50
CONNECT -> DB -> GET /db/?name=grassworld&tk=a1b2c3d4
2020-01-12 21:50
CONNECT -> DB -> GET /db/?world=grassworld&cat=flora&tk=a1b2c3d4
SELECT * FROM things JOIN genus ON things.Tgenus=genus.Gid WHERE Gmobile=0
2020-01-12 21:50
CONNECT -> DB -> GET /db/?world=grassworld&cat=object&tk=a1b2c3d4
2020-01-12 21:50
CONNECT -> DB -> GET /db/?world=grassworld&cat=fauna&tk=a1b2c3d4
SELECT * FROM things JOIN genus ON things.Tgenus=genus.Gid WHERE Gmobile=1
2020-01-12 21:52
CONNECT -> DB -> GET /db/?world=grassworld&cat=flora&tk=a1b2c3d4
SELECT * FROM things JOIN genus ON things.Tgenus=genus.Gid WHERE Gmobile=0
2020-01-12 21:52
CONNECT -> DB -> GET /db/?name=grassworld&tk=a1b2c3d4
2020-01-12 21:52
CONNECT -> DB -> GET /db/?world=grassworld&cat=fauna&tk=a1b2c3d4
SELECT * FROM things JOIN genus ON things.Tgenus=genus.Gid WHERE Gmobile=1
2020-01-12 21:52
CONNECT -> DB -> GET /db/?world=grassworld&cat=object&tk=a1b2c3d4
2020-01-12 21:56
CONNECT -> DB -> GET /db/?name=grassworld&tk=a1b2c3d4
2020-01-12 21:56
CONNECT -> DB -> GET /db/?world=grassworld&cat=flora&tk=a1b2c3d4
SELECT * FROM things JOIN genus ON things.Tgenus=genus.Gid WHERE Gmobile=0
2020-01-12 21:56
CONNECT -> DB -> GET /db/?world=grassworld&cat=fauna&tk=a1b2c3d4
SELECT * FROM things JOIN genus ON things.Tgenus=genus.Gid WHERE Gmobile=1
2020-01-12 21:56
CONNECT -> DB -> GET /db/?world=grassworld&cat=object&tk=a1b2c3d4
2020-01-12 21:57
CONNECT -> DB -> GET /db/?name=grassworld&tk=a1b2c3d4
2020-01-12 21:57
CONNECT -> DB -> GET /db/?world=grassworld&cat=flora&tk=a1b2c3d4
SELECT * FROM things JOIN genus ON things.Tgenus=genus.Gid WHERE Gmobile=0
2020-01-12 21:57
CONNECT -> DB -> GET /db/?world=grassworld&cat=fauna&tk=a1b2c3d4
SELECT * FROM things JOIN genus ON things.Tgenus=genus.Gid WHERE Gmobile=1
2020-01-12 21:57
CONNECT -> DB -> GET /db/?world=grassworld&cat=object&tk=a1b2c3d4
2020-01-12 21:57
CONNECT -> DB -> GET /db/?name=grassworld&tk=a1b2c3d4
2020-01-12 21:57
CONNECT -> DB -> GET /db/?world=grassworld&cat=fauna&tk=a1b2c3d4
SELECT * FROM things JOIN genus ON things.Tgenus=genus.Gid WHERE Gmobile=1
2020-01-12 21:57
CONNECT -> DB -> GET /db/?world=grassworld&cat=flora&tk=a1b2c3d4
SELECT * FROM things JOIN genus ON things.Tgenus=genus.Gid WHERE Gmobile=0
2020-01-12 21:57
CONNECT -> DB -> GET /db/?world=grassworld&cat=object&tk=a1b2c3d4
2020-01-12 21:59
CONNECT -> DB -> GET /db/?name=grassworld&tk=a1b2c3d4
2020-01-12 21:59
CONNECT -> DB -> GET /db/?world=grassworld&cat=flora&tk=a1b2c3d4
SELECT * FROM things JOIN genus ON things.Tgenus=genus.Gid WHERE Gmobile=0
2020-01-12 21:59
CONNECT -> DB -> GET /db/?world=grassworld&cat=fauna&tk=a1b2c3d4
SELECT * FROM things JOIN genus ON things.Tgenus=genus.Gid WHERE Gmobile=1
2020-01-12 21:59
CONNECT -> DB -> GET /db/?world=grassworld&cat=object&tk=a1b2c3d4
2020-01-12 21:59
CONNECT -> DB -> GET /db/?name=grassworld&tk=a1b2c3d4
2020-01-12 21:59
CONNECT -> DB -> GET /db/?world=grassworld&cat=flora&tk=a1b2c3d4
SELECT * FROM things JOIN genus ON things.Tgenus=genus.Gid WHERE Gmobile=0
2020-01-12 21:59
CONNECT -> DB -> GET /db/?world=grassworld&cat=fauna&tk=a1b2c3d4
SELECT * FROM things JOIN genus ON things.Tgenus=genus.Gid WHERE Gmobile=1
2020-01-12 21:59
CONNECT -> DB -> GET /db/?world=grassworld&cat=object&tk=a1b2c3d4
2020-01-12 22:00
CONNECT -> DB -> GET /db/?name=grassworld&tk=a1b2c3d4
2020-01-12 22:00
CONNECT -> DB -> GET /db/?world=grassworld&cat=flora&tk=a1b2c3d4
SELECT * FROM things JOIN genus ON things.Tgenus=genus.Gid WHERE Gmobile=0
2020-01-12 22:00
CONNECT -> DB -> GET /db/?world=grassworld&cat=fauna&tk=a1b2c3d4
SELECT * FROM things JOIN genus ON things.Tgenus=genus.Gid WHERE Gmobile=1
2020-01-12 22:00
CONNECT -> DB -> GET /db/?world=grassworld&cat=object&tk=a1b2c3d4
2020-01-12 22:00
CONNECT -> DB -> GET /db/?name=grassworld&tk=a1b2c3d4
2020-01-12 22:00
CONNECT -> DB -> GET /db/?world=grassworld&cat=flora&tk=a1b2c3d4
SELECT * FROM things JOIN genus ON things.Tgenus=genus.Gid WHERE Gmobile=0
2020-01-12 22:00
CONNECT -> DB -> GET /db/?world=grassworld&cat=fauna&tk=a1b2c3d4
SELECT * FROM things JOIN genus ON things.Tgenus=genus.Gid WHERE Gmobile=1
2020-01-12 22:00
CONNECT -> DB -> GET /db/?world=grassworld&cat=object&tk=a1b2c3d4
2020-01-12 22:01
CONNECT -> DB -> GET /db/?name=grassworld&tk=a1b2c3d4
2020-01-12 22:01
CONNECT -> DB -> GET /db/?world=grassworld&cat=flora&tk=a1b2c3d4
SELECT * FROM things JOIN genus ON things.Tgenus=genus.Gid WHERE Gmobile=0
2020-01-12 22:01
CONNECT -> DB -> GET /db/?world=grassworld&cat=fauna&tk=a1b2c3d4
SELECT * FROM things JOIN genus ON things.Tgenus=genus.Gid WHERE Gmobile=1
2020-01-12 22:01
CONNECT -> DB -> GET /db/?world=grassworld&cat=object&tk=a1b2c3d4
2020-01-12 22:04
CONNECT -> DB -> GET /db/?world=grassworld&cat=flora&tk=a1b2c3d4
SELECT * FROM things JOIN genus ON things.Tgenus=genus.Gid WHERE Gmobile=0
2020-01-12 22:04
CONNECT -> DB -> GET /db/?name=grassworld&tk=a1b2c3d4
2020-01-12 22:04
CONNECT -> DB -> GET /db/?world=grassworld&cat=fauna&tk=a1b2c3d4
SELECT * FROM things JOIN genus ON things.Tgenus=genus.Gid WHERE Gmobile=1
2020-01-12 22:04
CONNECT -> DB -> GET /db/?world=grassworld&cat=object&tk=a1b2c3d4
2020-01-12 22:05
CONNECT -> DB -> GET /db/?world=grassworld&cat=flora&tk=a1b2c3d4
SELECT * FROM things JOIN genus ON things.Tgenus=genus.Gid WHERE Gmobile=0
2020-01-12 22:05
CONNECT -> DB -> GET /db/?name=grassworld&tk=a1b2c3d4
2020-01-12 22:05
CONNECT -> DB -> GET /db/?world=grassworld&cat=fauna&tk=a1b2c3d4
SELECT * FROM things JOIN genus ON things.Tgenus=genus.Gid WHERE Gmobile=1
2020-01-12 22:05
CONNECT -> DB -> GET /db/?world=grassworld&cat=object&tk=a1b2c3d4
2020-01-12 22:05
CONNECT -> DB -> GET /db/?name=grassworld&tk=a1b2c3d4
2020-01-12 22:05
CONNECT -> DB -> GET /db/?world=grassworld&cat=flora&tk=a1b2c3d4
SELECT * FROM things JOIN genus ON things.Tgenus=genus.Gid WHERE Gmobile=0
2020-01-12 22:05
CONNECT -> DB -> GET /db/?world=grassworld&cat=fauna&tk=a1b2c3d4
SELECT * FROM things JOIN genus ON things.Tgenus=genus.Gid WHERE Gmobile=1
2020-01-12 22:05
CONNECT -> DB -> GET /db/?world=grassworld&cat=object&tk=a1b2c3d4
2020-01-12 22:24
CONNECT -> DB -> GET /db/?name=grassworld&tk=a1b2c3d4
2020-01-12 22:24
CONNECT -> DB -> GET /db/?world=grassworld&cat=flora&tk=a1b2c3d4
SELECT * FROM things JOIN genus ON things.Tgenus=genus.Gid WHERE Gmobile=0
2020-01-12 22:24
CONNECT -> DB -> GET /db/?world=grassworld&cat=object&tk=a1b2c3d4
2020-01-12 22:24
CONNECT -> DB -> GET /db/?world=grassworld&cat=fauna&tk=a1b2c3d4
SELECT * FROM things JOIN genus ON things.Tgenus=genus.Gid WHERE Gmobile=1
2020-01-12 22:25
CONNECT -> DB -> GET /db/?world=grassworld&cat=flora&tk=a1b2c3d4
SELECT * FROM things JOIN genus ON things.Tgenus=genus.Gid WHERE Gmobile=0
2020-01-12 22:25
CONNECT -> DB -> GET /db/?name=grassworld&tk=a1b2c3d4
2020-01-12 22:25
CONNECT -> DB -> GET /db/?world=grassworld&cat=object&tk=a1b2c3d4
2020-01-12 22:25
CONNECT -> DB -> GET /db/?world=grassworld&cat=fauna&tk=a1b2c3d4
SELECT * FROM things JOIN genus ON things.Tgenus=genus.Gid WHERE Gmobile=1
2020-01-12 22:26
CONNECT -> DB -> GET /db/?name=grassworld&tk=a1b2c3d4
2020-01-12 22:26
CONNECT -> DB -> GET /db/?world=grassworld&cat=flora&tk=a1b2c3d4
SELECT * FROM things JOIN genus ON things.Tgenus=genus.Gid WHERE Gmobile=0
2020-01-12 22:26
CONNECT -> DB -> GET /db/?world=grassworld&cat=fauna&tk=a1b2c3d4
SELECT * FROM things JOIN genus ON things.Tgenus=genus.Gid WHERE Gmobile=1
2020-01-12 22:26
CONNECT -> DB -> GET /db/?world=grassworld&cat=object&tk=a1b2c3d4
2020-01-12 22:27
CONNECT -> DB -> GET /db/?name=grassworld&tk=a1b2c3d4
2020-01-12 22:27
CONNECT -> DB -> GET /db/?world=grassworld&cat=flora&tk=a1b2c3d4
SELECT * FROM things JOIN genus ON things.Tgenus=genus.Gid WHERE Gmobile=0
2020-01-12 22:27
CONNECT -> DB -> GET /db/?world=grassworld&cat=fauna&tk=a1b2c3d4
SELECT * FROM things JOIN genus ON things.Tgenus=genus.Gid WHERE Gmobile=1
2020-01-12 22:28
CONNECT -> DB -> GET /db/?name=grassworld&tk=a1b2c3d4
2020-01-12 22:28
CONNECT -> DB -> GET /db/?world=grassworld&cat=flora&tk=a1b2c3d4
SELECT * FROM things JOIN genus ON things.Tgenus=genus.Gid WHERE Gmobile=0
2020-01-12 22:28
CONNECT -> DB -> GET /db/?world=grassworld&cat=fauna&tk=a1b2c3d4
SELECT * FROM things JOIN genus ON things.Tgenus=genus.Gid WHERE Gmobile=1
2020-01-12 22:29
CONNECT -> DB -> GET /db/?name=grassworld&tk=a1b2c3d4
2020-01-12 22:29
CONNECT -> DB -> GET /db/?world=grassworld&cat=fauna&tk=a1b2c3d4
SELECT * FROM things JOIN genus ON things.Tgenus=genus.Gid WHERE Gmobile=1
2020-01-12 22:29
CONNECT -> DB -> GET /db/?world=grassworld&cat=flora&tk=a1b2c3d4
SELECT * FROM things JOIN genus ON things.Tgenus=genus.Gid WHERE Gmobile=0
2020-01-12 22:32
CONNECT -> DB -> GET /db/?name=grassworld&tk=a1b2c3d4
2020-01-12 22:32
CONNECT -> DB -> GET /db/?world=grassworld&cat=flora&tk=a1b2c3d4
SELECT * FROM things JOIN genus ON things.Tgenus=genus.Gid WHERE Gmobile=0
2020-01-12 22:32
CONNECT -> DB -> GET /db/?world=grassworld&cat=fauna&tk=a1b2c3d4
SELECT * FROM things JOIN genus ON things.Tgenus=genus.Gid WHERE Gmobile=1
2020-01-12 22:35
CONNECT -> DB -> GET /db/?name=grassworld&tk=a1b2c3d4
2020-01-12 22:35
CONNECT -> DB -> GET /db/?world=grassworld&cat=flora&tk=a1b2c3d4
SELECT * FROM things JOIN genus ON things.Tgenus=genus.Gid WHERE Gmobile=0
2020-01-12 22:35
CONNECT -> DB -> GET /db/?world=grassworld&cat=fauna&tk=a1b2c3d4
SELECT * FROM things JOIN genus ON things.Tgenus=genus.Gid WHERE Gmobile=1
2020-01-12 22:35
CONNECT -> DB -> GET /db/?name=grassworld&tk=a1b2c3d4
2020-01-12 22:35
CONNECT -> DB -> GET /db/?world=grassworld&cat=flora&tk=a1b2c3d4
SELECT * FROM things JOIN genus ON things.Tgenus=genus.Gid WHERE Gmobile=0
2020-01-12 22:35
CONNECT -> DB -> GET /db/?world=grassworld&cat=fauna&tk=a1b2c3d4
SELECT * FROM things JOIN genus ON things.Tgenus=genus.Gid WHERE Gmobile=1
2020-01-12 22:35
CONNECT -> DB -> GET /db/?name=grassworld&tk=a1b2c3d4
2020-01-12 22:35
CONNECT -> DB -> GET /db/?world=grassworld&cat=flora&tk=a1b2c3d4
SELECT * FROM things JOIN genus ON things.Tgenus=genus.Gid WHERE Gmobile=0
2020-01-12 22:35
CONNECT -> DB -> GET /db/?world=grassworld&cat=fauna&tk=a1b2c3d4
SELECT * FROM things JOIN genus ON things.Tgenus=genus.Gid WHERE Gmobile=1
2020-01-12 22:37
CONNECT -> DB -> GET /db/?name=grassworld&tk=a1b2c3d4
2020-01-12 22:37
CONNECT -> DB -> GET /db/?world=grassworld&cat=flora&tk=a1b2c3d4
SELECT * FROM things JOIN genus ON things.Tgenus=genus.Gid WHERE Gmobile=0
2020-01-12 22:37
CONNECT -> DB -> GET /db/?world=grassworld&cat=fauna&tk=a1b2c3d4
SELECT * FROM things JOIN genus ON things.Tgenus=genus.Gid WHERE Gmobile=1
2020-01-12 22:37
CONNECT -> DB -> GET /db/?name=grassworld&tk=a1b2c3d4
2020-01-12 22:37
CONNECT -> DB -> GET /db/?world=grassworld&cat=flora&tk=a1b2c3d4
SELECT * FROM things JOIN genus ON things.Tgenus=genus.Gid WHERE Gmobile=0
2020-01-12 22:37
CONNECT -> DB -> GET /db/?world=grassworld&cat=fauna&tk=a1b2c3d4
SELECT * FROM things JOIN genus ON things.Tgenus=genus.Gid WHERE Gmobile=1
2020-01-12 22:37
CONNECT -> DB -> GET /db/?name=grassworld&tk=a1b2c3d4
2020-01-12 22:37
CONNECT -> DB -> GET /db/?world=grassworld&cat=flora&tk=a1b2c3d4
SELECT * FROM things JOIN genus ON things.Tgenus=genus.Gid WHERE Gmobile=0
2020-01-12 22:37
CONNECT -> DB -> GET /db/?world=grassworld&cat=fauna&tk=a1b2c3d4
SELECT * FROM things JOIN genus ON things.Tgenus=genus.Gid WHERE Gmobile=1
2020-01-12 22:38
CONNECT -> DB -> GET /db/?world=grassworld&cat=flora&tk=a1b2c3d4
SELECT * FROM things JOIN genus ON things.Tgenus=genus.Gid WHERE Gmobile=0
2020-01-12 22:38
CONNECT -> DB -> GET /db/?name=grassworld&tk=a1b2c3d4
2020-01-12 22:38
CONNECT -> DB -> GET /db/?world=grassworld&cat=fauna&tk=a1b2c3d4
SELECT * FROM things JOIN genus ON things.Tgenus=genus.Gid WHERE Gmobile=1
2020-01-12 22:38
CONNECT -> DB -> GET /db/?name=grassworld&tk=a1b2c3d4
2020-01-12 22:38
CONNECT -> DB -> GET /db/?world=grassworld&cat=flora&tk=a1b2c3d4
SELECT * FROM things JOIN genus ON things.Tgenus=genus.Gid WHERE Gmobile=0
2020-01-12 22:38
CONNECT -> DB -> GET /db/?world=grassworld&cat=fauna&tk=a1b2c3d4
SELECT * FROM things JOIN genus ON things.Tgenus=genus.Gid WHERE Gmobile=1
2020-01-12 22:38
CONNECT -> DB -> GET /db/?name=grassworld&tk=a1b2c3d4
2020-01-12 22:38
CONNECT -> DB -> GET /db/?world=grassworld&cat=flora&tk=a1b2c3d4
SELECT * FROM things JOIN genus ON things.Tgenus=genus.Gid WHERE Gmobile=0
2020-01-12 22:38
CONNECT -> DB -> GET /db/?world=grassworld&cat=fauna&tk=a1b2c3d4
SELECT * FROM things JOIN genus ON things.Tgenus=genus.Gid WHERE Gmobile=1
2020-01-12 22:39
CONNECT -> DB -> GET /db/?name=grassworld&tk=a1b2c3d4
2020-01-12 22:39
CONNECT -> DB -> GET /db/?world=grassworld&cat=flora&tk=a1b2c3d4
SELECT * FROM things JOIN genus ON things.Tgenus=genus.Gid WHERE Gmobile=0
2020-01-12 22:39
CONNECT -> DB -> GET /db/?world=grassworld&cat=fauna&tk=a1b2c3d4
SELECT * FROM things JOIN genus ON things.Tgenus=genus.Gid WHERE Gmobile=1
2020-01-12 22:40
CONNECT -> DB -> GET /db/?name=grassworld&tk=a1b2c3d4
2020-01-12 22:40
CONNECT -> DB -> GET /db/?world=grassworld&cat=flora&tk=a1b2c3d4
SELECT * FROM things JOIN genus ON things.Tgenus=genus.Gid WHERE Gmobile=0
2020-01-12 22:40
CONNECT -> DB -> GET /db/?world=grassworld&cat=fauna&tk=a1b2c3d4
SELECT * FROM things JOIN genus ON things.Tgenus=genus.Gid WHERE Gmobile=1
2020-01-12 22:41
CONNECT -> DB -> GET /db/?name=grassworld&tk=a1b2c3d4
2020-01-12 22:41
CONNECT -> DB -> GET /db/?world=grassworld&cat=flora&tk=a1b2c3d4
SELECT * FROM things JOIN genus ON things.Tgenus=genus.Gid WHERE Gmobile=0
2020-01-12 22:41
CONNECT -> DB -> GET /db/?world=grassworld&cat=fauna&tk=a1b2c3d4
SELECT * FROM things JOIN genus ON things.Tgenus=genus.Gid WHERE Gmobile=1
2020-01-12 22:44
CONNECT -> DB -> GET /db/?world=grassworld&cat=flora&tk=a1b2c3d4
SELECT * FROM things JOIN genus ON things.Tgenus=genus.Gid WHERE Gmobile=0
2020-01-12 22:44
CONNECT -> DB -> GET /db/?name=grassworld&tk=a1b2c3d4
2020-01-12 22:44
CONNECT -> DB -> GET /db/?world=grassworld&cat=fauna&tk=a1b2c3d4
SELECT * FROM things JOIN genus ON things.Tgenus=genus.Gid WHERE Gmobile=1
2020-01-12 22:45
CONNECT -> DB -> GET /db/?name=grassworld&tk=a1b2c3d4
2020-01-12 22:45
CONNECT -> DB -> GET /db/?world=grassworld&cat=flora&tk=a1b2c3d4
SELECT * FROM things JOIN genus ON things.Tgenus=genus.Gid WHERE Gmobile=0
2020-01-12 22:45
CONNECT -> DB -> GET /db/?world=grassworld&cat=fauna&tk=a1b2c3d4
SELECT * FROM things JOIN genus ON things.Tgenus=genus.Gid WHERE Gmobile=1
2020-01-12 22:45
CONNECT -> DB -> GET /db/?name=grassworld&tk=a1b2c3d4
2020-01-12 22:45
CONNECT -> DB -> GET /db/?world=grassworld&cat=flora&tk=a1b2c3d4
SELECT * FROM things JOIN genus ON things.Tgenus=genus.Gid WHERE Gmobile=0
2020-01-12 22:45
CONNECT -> DB -> GET /db/?world=grassworld&cat=fauna&tk=a1b2c3d4
SELECT * FROM things JOIN genus ON things.Tgenus=genus.Gid WHERE Gmobile=1
2020-01-12 22:45
CONNECT -> DB -> GET /db/?name=grassworld&tk=a1b2c3d4
2020-01-12 22:45
CONNECT -> DB -> GET /db/?world=grassworld&cat=flora&tk=a1b2c3d4
SELECT * FROM things JOIN genus ON things.Tgenus=genus.Gid WHERE Gmobile=0
2020-01-12 22:45
CONNECT -> DB -> GET /db/?world=grassworld&cat=fauna&tk=a1b2c3d4
SELECT * FROM things JOIN genus ON things.Tgenus=genus.Gid WHERE Gmobile=1
2020-01-12 22:46
CONNECT -> DB -> GET /db/?name=grassworld&tk=a1b2c3d4
2020-01-12 22:46
CONNECT -> DB -> GET /db/?world=grassworld&cat=flora&tk=a1b2c3d4
SELECT * FROM things JOIN genus ON things.Tgenus=genus.Gid WHERE Gmobile=0
2020-01-12 22:46
CONNECT -> DB -> GET /db/?world=grassworld&cat=fauna&tk=a1b2c3d4
SELECT * FROM things JOIN genus ON things.Tgenus=genus.Gid WHERE Gmobile=1
2020-01-12 22:48
CONNECT -> DB -> GET /db/?name=grassworld&tk=a1b2c3d4
2020-01-12 22:48
CONNECT -> DB -> GET /db/?world=grassworld&cat=flora&tk=a1b2c3d4
SELECT * FROM things JOIN genus ON things.Tgenus=genus.Gid WHERE Gmobile=0
2020-01-12 22:48
CONNECT -> DB -> GET /db/?world=grassworld&cat=fauna&tk=a1b2c3d4
SELECT * FROM things JOIN genus ON things.Tgenus=genus.Gid WHERE Gmobile=1
2020-01-12 22:48
CONNECT -> DB -> GET /db/?name=grassworld&tk=a1b2c3d4
2020-01-12 22:48
CONNECT -> DB -> GET /db/?world=grassworld&cat=flora&tk=a1b2c3d4
SELECT * FROM things JOIN genus ON things.Tgenus=genus.Gid WHERE Gmobile=0
2020-01-12 22:48
CONNECT -> DB -> GET /db/?world=grassworld&cat=fauna&tk=a1b2c3d4
SELECT * FROM things JOIN genus ON things.Tgenus=genus.Gid WHERE Gmobile=1
2020-01-12 22:48
CONNECT -> DB -> GET /db/?name=grassworld&tk=a1b2c3d4
2020-01-12 22:48
CONNECT -> DB -> GET /db/?world=grassworld&cat=flora&tk=a1b2c3d4
SELECT * FROM things JOIN genus ON things.Tgenus=genus.Gid WHERE Gmobile=0
2020-01-12 22:48
CONNECT -> DB -> GET /db/?world=grassworld&cat=fauna&tk=a1b2c3d4
SELECT * FROM things JOIN genus ON things.Tgenus=genus.Gid WHERE Gmobile=1
2020-01-12 22:50
CONNECT -> DB -> GET /db/?name=grassworld&tk=a1b2c3d4
2020-01-12 22:50
CONNECT -> DB -> GET /db/?world=grassworld&cat=flora&tk=a1b2c3d4
SELECT * FROM things JOIN genus ON things.Tgenus=genus.Gid WHERE Gmobile=0
2020-01-12 22:50
CONNECT -> DB -> GET /db/?world=grassworld&cat=fauna&tk=a1b2c3d4
SELECT * FROM things JOIN genus ON things.Tgenus=genus.Gid WHERE Gmobile=1
2020-01-12 22:51
CONNECT -> DB -> GET /db/?name=grassworld&tk=a1b2c3d4
2020-01-12 22:51
CONNECT -> DB -> GET /db/?world=grassworld&cat=flora&tk=a1b2c3d4
SELECT * FROM things JOIN genus ON things.Tgenus=genus.Gid WHERE Gmobile=0
2020-01-12 22:51
CONNECT -> DB -> GET /db/?world=grassworld&cat=fauna&tk=a1b2c3d4
SELECT * FROM things JOIN genus ON things.Tgenus=genus.Gid WHERE Gmobile=1
2020-01-12 22:51
CONNECT -> DB -> GET /db/?name=grassworld&tk=a1b2c3d4
2020-01-12 22:51
CONNECT -> DB -> GET /db/?world=grassworld&cat=flora&tk=a1b2c3d4
SELECT * FROM things JOIN genus ON things.Tgenus=genus.Gid WHERE Gmobile=0
2020-01-12 22:51
CONNECT -> DB -> GET /db/?world=grassworld&cat=fauna&tk=a1b2c3d4
SELECT * FROM things JOIN genus ON things.Tgenus=genus.Gid WHERE Gmobile=1
2020-01-12 22:59
CONNECT -> DB -> GET /db/?name=grassworld&tk=a1b2c3d4
2020-01-12 22:59
CONNECT -> DB -> GET /db/?world=grassworld&cat=flora&tk=a1b2c3d4
SELECT * FROM things JOIN genus ON things.Tgenus=genus.Gid WHERE Gmobile=0
2020-01-12 22:59
CONNECT -> DB -> GET /db/?world=grassworld&cat=fauna&tk=a1b2c3d4
SELECT * FROM things JOIN genus ON things.Tgenus=genus.Gid WHERE Gmobile=1
2020-01-12 22:59
CONNECT -> DB -> GET /db/?name=grassworld&tk=a1b2c3d4
2020-01-12 22:59
CONNECT -> DB -> GET /db/?world=grassworld&cat=flora&tk=a1b2c3d4
SELECT * FROM things JOIN genus ON things.Tgenus=genus.Gid WHERE Gmobile=0
2020-01-12 22:59
CONNECT -> DB -> GET /db/?world=grassworld&cat=fauna&tk=a1b2c3d4
SELECT * FROM things JOIN genus ON things.Tgenus=genus.Gid WHERE Gmobile=1
2020-01-12 23:00
CONNECT -> DB -> GET /db/?name=grassworld&tk=a1b2c3d4
2020-01-12 23:00
CONNECT -> DB -> GET /db/?world=grassworld&cat=flora&tk=a1b2c3d4
SELECT * FROM things JOIN genus ON things.Tgenus=genus.Gid WHERE Gmobile=0
2020-01-12 23:00
CONNECT -> DB -> GET /db/?world=grassworld&cat=fauna&tk=a1b2c3d4
SELECT * FROM things JOIN genus ON things.Tgenus=genus.Gid WHERE Gmobile=1
2020-01-12 23:01
CONNECT -> DB -> GET /db/?name=grassworld&tk=a1b2c3d4
2020-01-12 23:01
CONNECT -> DB -> GET /db/?world=grassworld&cat=flora&tk=a1b2c3d4
SELECT * FROM things JOIN genus ON things.Tgenus=genus.Gid WHERE Gmobile=0
2020-01-12 23:01
CONNECT -> DB -> GET /db/?world=grassworld&cat=fauna&tk=a1b2c3d4
SELECT * FROM things JOIN genus ON things.Tgenus=genus.Gid WHERE Gmobile=1
2020-01-12 23:01
CONNECT -> DB -> GET /db/?name=grassworld&tk=a1b2c3d4
2020-01-12 23:01
CONNECT -> DB -> GET /db/?world=grassworld&cat=flora&tk=a1b2c3d4
SELECT * FROM things JOIN genus ON things.Tgenus=genus.Gid WHERE Gmobile=0
2020-01-12 23:01
CONNECT -> DB -> GET /db/?world=grassworld&cat=fauna&tk=a1b2c3d4
SELECT * FROM things JOIN genus ON things.Tgenus=genus.Gid WHERE Gmobile=1
2020-01-12 23:04
CONNECT -> DB -> GET /db/?name=grassworld&tk=a1b2c3d4
2020-01-12 23:04
CONNECT -> DB -> GET /db/?world=grassworld&cat=flora&tk=a1b2c3d4
SELECT * FROM things JOIN genus ON things.Tgenus=genus.Gid WHERE Gmobile=0
2020-01-12 23:04
CONNECT -> DB -> GET /db/?world=grassworld&cat=fauna&tk=a1b2c3d4
SELECT * FROM things JOIN genus ON things.Tgenus=genus.Gid WHERE Gmobile=1
2020-01-12 23:05
CONNECT -> DB -> GET /db/?name=grassworld&tk=a1b2c3d4
2020-01-12 23:05
CONNECT -> DB -> GET /db/?world=grassworld&cat=flora&tk=a1b2c3d4
SELECT * FROM things JOIN genus ON things.Tgenus=genus.Gid WHERE Gmobile=0
2020-01-12 23:05
CONNECT -> DB -> GET /db/?world=grassworld&cat=fauna&tk=a1b2c3d4
SELECT * FROM things JOIN genus ON things.Tgenus=genus.Gid WHERE Gmobile=1
2020-01-12 23:05
CONNECT -> DB -> GET /db/?name=grassworld&tk=a1b2c3d4
2020-01-12 23:05
CONNECT -> DB -> GET /db/?world=grassworld&cat=flora&tk=a1b2c3d4
SELECT * FROM things JOIN genus ON things.Tgenus=genus.Gid WHERE Gmobile=0
2020-01-12 23:05
CONNECT -> DB -> GET /db/?world=grassworld&cat=fauna&tk=a1b2c3d4
SELECT * FROM things JOIN genus ON things.Tgenus=genus.Gid WHERE Gmobile=1
2020-01-12 23:05
CONNECT -> DB -> GET /db/?name=grassworld&tk=a1b2c3d4
2020-01-12 23:05
CONNECT -> DB -> GET /db/?world=grassworld&cat=flora&tk=a1b2c3d4
SELECT * FROM things JOIN genus ON things.Tgenus=genus.Gid WHERE Gmobile=0
2020-01-12 23:05
CONNECT -> DB -> GET /db/?world=grassworld&cat=fauna&tk=a1b2c3d4
SELECT * FROM things JOIN genus ON things.Tgenus=genus.Gid WHERE Gmobile=1
2020-01-12 23:06
CONNECT -> DB -> GET /db/?name=grassworld&tk=a1b2c3d4
2020-01-12 23:06
CONNECT -> DB -> GET /db/?world=grassworld&cat=flora&tk=a1b2c3d4
SELECT * FROM things JOIN genus ON things.Tgenus=genus.Gid WHERE Gmobile=0
2020-01-12 23:06
CONNECT -> DB -> GET /db/?world=grassworld&cat=fauna&tk=a1b2c3d4
SELECT * FROM things JOIN genus ON things.Tgenus=genus.Gid WHERE Gmobile=1
2020-01-12 23:06
CONNECT -> DB -> GET /db/?name=grassworld&tk=a1b2c3d4
2020-01-12 23:06
CONNECT -> DB -> GET /db/?world=grassworld&cat=flora&tk=a1b2c3d4
SELECT * FROM things JOIN genus ON things.Tgenus=genus.Gid WHERE Gmobile=0
2020-01-12 23:06
CONNECT -> DB -> GET /db/?world=grassworld&cat=fauna&tk=a1b2c3d4
SELECT * FROM things JOIN genus ON things.Tgenus=genus.Gid WHERE Gmobile=1
2020-01-12 23:06
CONNECT -> DB -> GET /db/?name=grassworld&tk=a1b2c3d4
2020-01-12 23:06
CONNECT -> DB -> GET /db/?world=grassworld&cat=flora&tk=a1b2c3d4
SELECT * FROM things JOIN genus ON things.Tgenus=genus.Gid WHERE Gmobile=0
2020-01-12 23:06
CONNECT -> DB -> GET /db/?world=grassworld&cat=fauna&tk=a1b2c3d4
SELECT * FROM things JOIN genus ON things.Tgenus=genus.Gid WHERE Gmobile=1
2020-01-12 23:07
CONNECT -> DB -> GET /db/?name=grassworld&tk=a1b2c3d4
2020-01-12 23:07
CONNECT -> DB -> GET /db/?world=grassworld&cat=flora&tk=a1b2c3d4
SELECT * FROM things JOIN genus ON things.Tgenus=genus.Gid WHERE Gmobile=0
2020-01-12 23:07
CONNECT -> DB -> GET /db/?world=grassworld&cat=fauna&tk=a1b2c3d4
SELECT * FROM things JOIN genus ON things.Tgenus=genus.Gid WHERE Gmobile=1
2020-01-12 23:07
CONNECT -> DB -> GET /db/?name=grassworld&tk=a1b2c3d4
2020-01-12 23:07
CONNECT -> DB -> GET /db/?world=grassworld&cat=flora&tk=a1b2c3d4
SELECT * FROM things JOIN genus ON things.Tgenus=genus.Gid WHERE Gmobile=0
2020-01-12 23:07
CONNECT -> DB -> GET /db/?world=grassworld&cat=fauna&tk=a1b2c3d4
SELECT * FROM things JOIN genus ON things.Tgenus=genus.Gid WHERE Gmobile=1
2020-01-12 23:08
CONNECT -> DB -> GET /db/?name=grassworld&tk=a1b2c3d4
2020-01-12 23:08
CONNECT -> DB -> GET /db/?world=grassworld&cat=flora&tk=a1b2c3d4
SELECT * FROM things JOIN genus ON things.Tgenus=genus.Gid WHERE Gmobile=0
2020-01-12 23:08
CONNECT -> DB -> GET /db/?world=grassworld&cat=fauna&tk=a1b2c3d4
SELECT * FROM things JOIN genus ON things.Tgenus=genus.Gid WHERE Gmobile=1
2020-01-12 23:08
CONNECT -> DB -> GET /db/?name=grassworld&tk=a1b2c3d4
2020-01-12 23:08
CONNECT -> DB -> GET /db/?world=grassworld&cat=flora&tk=a1b2c3d4
SELECT * FROM things JOIN genus ON things.Tgenus=genus.Gid WHERE Gmobile=0
2020-01-12 23:08
CONNECT -> DB -> GET /db/?world=grassworld&cat=fauna&tk=a1b2c3d4
SELECT * FROM things JOIN genus ON things.Tgenus=genus.Gid WHERE Gmobile=1
2020-01-12 23:09
CONNECT -> DB -> GET /db/?name=grassworld&tk=a1b2c3d4
2020-01-12 23:09
CONNECT -> DB -> GET /db/?world=grassworld&cat=flora&tk=a1b2c3d4
SELECT * FROM things JOIN genus ON things.Tgenus=genus.Gid WHERE Gmobile=0
2020-01-12 23:09
CONNECT -> DB -> GET /db/?world=grassworld&cat=fauna&tk=a1b2c3d4
SELECT * FROM things JOIN genus ON things.Tgenus=genus.Gid WHERE Gmobile=1
2020-01-12 23:10
CONNECT -> DB -> GET /db/?name=grassworld&tk=a1b2c3d4
2020-01-12 23:10
CONNECT -> DB -> GET /db/?world=grassworld&cat=flora&tk=a1b2c3d4
SELECT * FROM things JOIN genus ON things.Tgenus=genus.Gid WHERE Gmobile=0
2020-01-12 23:10
CONNECT -> DB -> GET /db/?world=grassworld&cat=fauna&tk=a1b2c3d4
SELECT * FROM things JOIN genus ON things.Tgenus=genus.Gid WHERE Gmobile=1
2020-01-12 23:10
CONNECT -> DB -> GET /db/?name=grassworld&tk=a1b2c3d4
2020-01-12 23:10
CONNECT -> DB -> GET /db/?world=grassworld&cat=flora&tk=a1b2c3d4
SELECT * FROM things JOIN genus ON things.Tgenus=genus.Gid WHERE Gmobile=0
2020-01-12 23:10
CONNECT -> DB -> GET /db/?world=grassworld&cat=fauna&tk=a1b2c3d4
SELECT * FROM things JOIN genus ON things.Tgenus=genus.Gid WHERE Gmobile=1
2020-01-12 23:10
CONNECT -> DB -> GET /db/?name=grassworld&tk=a1b2c3d4
2020-01-12 23:10
CONNECT -> DB -> GET /db/?world=grassworld&cat=flora&tk=a1b2c3d4
SELECT * FROM things JOIN genus ON things.Tgenus=genus.Gid WHERE Gmobile=0
2020-01-12 23:10
CONNECT -> DB -> GET /db/?world=grassworld&cat=fauna&tk=a1b2c3d4
SELECT * FROM things JOIN genus ON things.Tgenus=genus.Gid WHERE Gmobile=1
2020-01-12 23:11
CONNECT -> DB -> GET /db/?name=grassworld&tk=a1b2c3d4
2020-01-12 23:11
CONNECT -> DB -> GET /db/?world=grassworld&cat=flora&tk=a1b2c3d4
SELECT * FROM things JOIN genus ON things.Tgenus=genus.Gid WHERE Gmobile=0
2020-01-12 23:11
CONNECT -> DB -> GET /db/?world=grassworld&cat=fauna&tk=a1b2c3d4
SELECT * FROM things JOIN genus ON things.Tgenus=genus.Gid WHERE Gmobile=1
2020-01-12 23:13
CONNECT -> DB -> GET /db/?name=grassworld&tk=a1b2c3d4
2020-01-12 23:13
CONNECT -> DB -> GET /db/?world=grassworld&cat=flora&tk=a1b2c3d4
SELECT * FROM things JOIN genus ON things.Tgenus=genus.Gid WHERE Gmobile=0
2020-01-12 23:13
CONNECT -> DB -> GET /db/?world=grassworld&cat=fauna&tk=a1b2c3d4
SELECT * FROM things JOIN genus ON things.Tgenus=genus.Gid WHERE Gmobile=1
2020-01-12 23:15
CONNECT -> DB -> GET /db/?name=grassworld&tk=a1b2c3d4
2020-01-12 23:15
CONNECT -> DB -> GET /db/?world=grassworld&cat=fauna&tk=a1b2c3d4
SELECT * FROM things JOIN genus ON things.Tgenus=genus.Gid WHERE Gmobile=1
2020-01-12 23:15
CONNECT -> DB -> GET /db/?world=grassworld&cat=flora&tk=a1b2c3d4
SELECT * FROM things JOIN genus ON things.Tgenus=genus.Gid WHERE Gmobile=0
2020-01-12 23:17
CONNECT -> DB -> GET /db/?name=grassworld&tk=a1b2c3d4
2020-01-12 23:17
CONNECT -> DB -> GET /db/?world=grassworld&cat=flora&tk=a1b2c3d4
SELECT * FROM things JOIN genus ON things.Tgenus=genus.Gid WHERE Gmobile=0
2020-01-12 23:17
CONNECT -> DB -> GET /db/?world=grassworld&cat=fauna&tk=a1b2c3d4
SELECT * FROM things JOIN genus ON things.Tgenus=genus.Gid WHERE Gmobile=1
2020-01-12 23:18
CONNECT -> DB -> GET /db/?world=grassworld&cat=flora&tk=a1b2c3d4
SELECT * FROM things JOIN genus ON things.Tgenus=genus.Gid WHERE Gmobile=0
2020-01-12 23:18
CONNECT -> DB -> GET /db/?world=grassworld&cat=fauna&tk=a1b2c3d4
SELECT * FROM things JOIN genus ON things.Tgenus=genus.Gid WHERE Gmobile=1
2020-01-12 23:18
CONNECT -> DB -> GET /db/?name=grassworld&tk=a1b2c3d4
2020-01-12 23:22
CONNECT -> DB -> GET /db/?name=grassworld&tk=a1b2c3d4
2020-01-12 23:22
CONNECT -> DB -> GET /db/?world=grassworld&cat=flora&tk=a1b2c3d4
SELECT * FROM things JOIN genus ON things.Tgenus=genus.Gid WHERE Gmobile=0
2020-01-12 23:22
CONNECT -> DB -> GET /db/?world=grassworld&cat=fauna&tk=a1b2c3d4
SELECT * FROM things JOIN genus ON things.Tgenus=genus.Gid WHERE Gmobile=1
2020-01-12 23:23
CONNECT -> DB -> GET /db/?name=grassworld&tk=a1b2c3d4
2020-01-12 23:23
CONNECT -> DB -> GET /db/?world=grassworld&cat=flora&tk=a1b2c3d4
SELECT * FROM things JOIN genus ON things.Tgenus=genus.Gid WHERE Gmobile=0
2020-01-12 23:23
CONNECT -> DB -> GET /db/?world=grassworld&cat=fauna&tk=a1b2c3d4
SELECT * FROM things JOIN genus ON things.Tgenus=genus.Gid WHERE Gmobile=1
2020-01-12 23:29
CONNECT -> DB -> GET /db/?world=grassworld&cat=flora&tk=a1b2c3d4
SELECT * FROM things JOIN genus ON things.Tgenus=genus.Gid WHERE Gmobile=0
2020-01-12 23:29
CONNECT -> DB -> GET /db/?name=grassworld&tk=a1b2c3d4
2020-01-12 23:29
CONNECT -> DB -> GET /db/?world=grassworld&cat=fauna&tk=a1b2c3d4
SELECT * FROM things JOIN genus ON things.Tgenus=genus.Gid WHERE Gmobile=1
2020-01-12 23:29
CONNECT -> DB -> GET /db/?name=grassworld&tk=a1b2c3d4
2020-01-12 23:29
CONNECT -> DB -> GET /db/?world=grassworld&cat=flora&tk=a1b2c3d4
SELECT * FROM things JOIN genus ON things.Tgenus=genus.Gid WHERE Gmobile=0
2020-01-12 23:29
CONNECT -> DB -> GET /db/?world=grassworld&cat=fauna&tk=a1b2c3d4
SELECT * FROM things JOIN genus ON things.Tgenus=genus.Gid WHERE Gmobile=1
2020-01-12 23:29
CONNECT -> DB -> GET /db/?world=grassworld&cat=flora&tk=a1b2c3d4
SELECT * FROM things JOIN genus ON things.Tgenus=genus.Gid WHERE Gmobile=0
2020-01-12 23:29
CONNECT -> DB -> GET /db/?name=grassworld&tk=a1b2c3d4
2020-01-12 23:29
CONNECT -> DB -> GET /db/?world=grassworld&cat=fauna&tk=a1b2c3d4
SELECT * FROM things JOIN genus ON things.Tgenus=genus.Gid WHERE Gmobile=1
2020-01-12 23:33
CONNECT -> DB -> GET /db/?name=grassworld&tk=a1b2c3d4
2020-01-12 23:33
CONNECT -> DB -> GET /db/?world=grassworld&cat=flora&tk=a1b2c3d4
SELECT * FROM things JOIN genus ON things.Tgenus=genus.Gid WHERE Gmobile=0
2020-01-12 23:33
CONNECT -> DB -> GET /db/?world=grassworld&cat=fauna&tk=a1b2c3d4
SELECT * FROM things JOIN genus ON things.Tgenus=genus.Gid WHERE Gmobile=1
2020-01-12 23:33
CONNECT -> DB -> GET /db/?name=grassworld&tk=a1b2c3d4
2020-01-12 23:33
CONNECT -> DB -> GET /db/?world=grassworld&cat=flora&tk=a1b2c3d4
SELECT * FROM things JOIN genus ON things.Tgenus=genus.Gid WHERE Gmobile=0
2020-01-12 23:33
CONNECT -> DB -> GET /db/?world=grassworld&cat=fauna&tk=a1b2c3d4
SELECT * FROM things JOIN genus ON things.Tgenus=genus.Gid WHERE Gmobile=1
2020-01-12 23:34
CONNECT -> DB -> GET /db/?name=grassworld&tk=a1b2c3d4
2020-01-12 23:34
CONNECT -> DB -> GET /db/?world=grassworld&cat=flora&tk=a1b2c3d4
SELECT * FROM things JOIN genus ON things.Tgenus=genus.Gid WHERE Gmobile=0
2020-01-12 23:34
CONNECT -> DB -> GET /db/?world=grassworld&cat=fauna&tk=a1b2c3d4
SELECT * FROM things JOIN genus ON things.Tgenus=genus.Gid WHERE Gmobile=1
2020-01-12 23:37
CONNECT -> DB -> GET /db/?name=grassworld&tk=a1b2c3d4
2020-01-12 23:37
CONNECT -> DB -> GET /db/?world=grassworld&cat=flora&tk=a1b2c3d4
SELECT * FROM things JOIN genus ON things.Tgenus=genus.Gid WHERE Gmobile=0
2020-01-12 23:37
CONNECT -> DB -> GET /db/?world=grassworld&cat=fauna&tk=a1b2c3d4
SELECT * FROM things JOIN genus ON things.Tgenus=genus.Gid WHERE Gmobile=1
2020-01-12 23:38
CONNECT -> DB -> GET /db/?name=grassworld&tk=a1b2c3d4
2020-01-12 23:38
CONNECT -> DB -> GET /db/?world=grassworld&cat=fauna&tk=a1b2c3d4
SELECT * FROM things JOIN genus ON things.Tgenus=genus.Gid WHERE Gmobile=1
2020-01-12 23:38
CONNECT -> DB -> GET /db/?world=grassworld&cat=flora&tk=a1b2c3d4
SELECT * FROM things JOIN genus ON things.Tgenus=genus.Gid WHERE Gmobile=0
2020-01-12 23:39
CONNECT -> DB -> GET /db/?name=grassworld&tk=a1b2c3d4
2020-01-12 23:39
CONNECT -> DB -> GET /db/?world=grassworld&cat=flora&tk=a1b2c3d4
SELECT * FROM things JOIN genus ON things.Tgenus=genus.Gid WHERE Gmobile=0
2020-01-12 23:39
CONNECT -> DB -> GET /db/?world=grassworld&cat=fauna&tk=a1b2c3d4
SELECT * FROM things JOIN genus ON things.Tgenus=genus.Gid WHERE Gmobile=1
2020-01-12 23:40
CONNECT -> DB -> GET /db/?name=grassworld&tk=a1b2c3d4
2020-01-12 23:40
CONNECT -> DB -> GET /db/?world=grassworld&cat=flora&tk=a1b2c3d4
SELECT * FROM things JOIN genus ON things.Tgenus=genus.Gid WHERE Gmobile=0
2020-01-12 23:40
CONNECT -> DB -> GET /db/?world=grassworld&cat=fauna&tk=a1b2c3d4
SELECT * FROM things JOIN genus ON things.Tgenus=genus.Gid WHERE Gmobile=1
2020-01-12 23:40
CONNECT -> DB -> GET /db/?world=grassworld&cat=flora&tk=a1b2c3d4
SELECT * FROM things JOIN genus ON things.Tgenus=genus.Gid WHERE Gmobile=0
2020-01-12 23:40
CONNECT -> DB -> GET /db/?name=grassworld&tk=a1b2c3d4
2020-01-12 23:40
CONNECT -> DB -> GET /db/?world=grassworld&cat=fauna&tk=a1b2c3d4
SELECT * FROM things JOIN genus ON things.Tgenus=genus.Gid WHERE Gmobile=1
2020-01-12 23:40
CONNECT -> DB -> GET /db/?name=grassworld&tk=a1b2c3d4
2020-01-12 23:40
CONNECT -> DB -> GET /db/?world=grassworld&cat=flora&tk=a1b2c3d4
SELECT * FROM things JOIN genus ON things.Tgenus=genus.Gid WHERE Gmobile=0
2020-01-12 23:40
CONNECT -> DB -> GET /db/?world=grassworld&cat=fauna&tk=a1b2c3d4
SELECT * FROM things JOIN genus ON things.Tgenus=genus.Gid WHERE Gmobile=1
2020-01-12 23:40
CONNECT -> DB -> GET /db/?name=grassworld&tk=a1b2c3d4
2020-01-12 23:40
CONNECT -> DB -> GET /db/?world=grassworld&cat=flora&tk=a1b2c3d4
SELECT * FROM things JOIN genus ON things.Tgenus=genus.Gid WHERE Gmobile=0
2020-01-12 23:40
CONNECT -> DB -> GET /db/?world=grassworld&cat=fauna&tk=a1b2c3d4
SELECT * FROM things JOIN genus ON things.Tgenus=genus.Gid WHERE Gmobile=1
2020-01-12 23:42
CONNECT -> DB -> GET /db/?name=grassworld&tk=a1b2c3d4
2020-01-12 23:42
CONNECT -> DB -> GET /db/?world=grassworld&cat=flora&tk=a1b2c3d4
SELECT * FROM things JOIN genus ON things.Tgenus=genus.Gid WHERE Gmobile=0
2020-01-12 23:42
CONNECT -> DB -> GET /db/?world=grassworld&cat=fauna&tk=a1b2c3d4
SELECT * FROM things JOIN genus ON things.Tgenus=genus.Gid WHERE Gmobile=1
2020-01-12 23:42
CONNECT -> DB -> GET /db/?name=grassworld&tk=a1b2c3d4
2020-01-12 23:42
CONNECT -> DB -> GET /db/?world=grassworld&cat=flora&tk=a1b2c3d4
SELECT * FROM things JOIN genus ON things.Tgenus=genus.Gid WHERE Gmobile=0
2020-01-12 23:42
CONNECT -> DB -> GET /db/?world=grassworld&cat=fauna&tk=a1b2c3d4
SELECT * FROM things JOIN genus ON things.Tgenus=genus.Gid WHERE Gmobile=1
2020-01-12 23:42
CONNECT -> DB -> GET /db/?name=grassworld&tk=a1b2c3d4
2020-01-12 23:42
CONNECT -> DB -> GET /db/?world=grassworld&cat=fauna&tk=a1b2c3d4
SELECT * FROM things JOIN genus ON things.Tgenus=genus.Gid WHERE Gmobile=1
2020-01-12 23:42
CONNECT -> DB -> GET /db/?world=grassworld&cat=flora&tk=a1b2c3d4
SELECT * FROM things JOIN genus ON things.Tgenus=genus.Gid WHERE Gmobile=0
2020-01-12 23:44
CONNECT -> DB -> GET /db/?name=grassworld&tk=a1b2c3d4
2020-01-12 23:44
CONNECT -> DB -> GET /db/?world=grassworld&cat=fauna&tk=a1b2c3d4
SELECT * FROM things JOIN genus ON things.Tgenus=genus.Gid WHERE Gmobile=1
2020-01-12 23:44
CONNECT -> DB -> GET /db/?world=grassworld&cat=flora&tk=a1b2c3d4
SELECT * FROM things JOIN genus ON things.Tgenus=genus.Gid WHERE Gmobile=0
2020-01-12 23:46
CONNECT -> DB -> GET /db/?name=grassworld&tk=a1b2c3d4
2020-01-12 23:46
CONNECT -> DB -> GET /db/?world=grassworld&cat=flora&tk=a1b2c3d4
SELECT * FROM things JOIN genus ON things.Tgenus=genus.Gid WHERE Gmobile=0
2020-01-12 23:46
CONNECT -> DB -> GET /db/?world=grassworld&cat=fauna&tk=a1b2c3d4
SELECT * FROM things JOIN genus ON things.Tgenus=genus.Gid WHERE Gmobile=1
events.js:174
      throw er; // Unhandled 'error' event
      ^

Error: read ECONNRESET
    at TCP.onStreamRead (internal/stream_base_commons.js:111:27)
Emitted 'error' event at:
    at Connection._handleProtocolError (/var/www/html/node_modules/mysql/lib/Connection.js:426:8)
    at Protocol.emit (events.js:198:13)
    at Protocol._delegateError (/var/www/html/node_modules/mysql/lib/protocol/Protocol.js:398:10)
    at Protocol.handleNetworkError (/var/www/html/node_modules/mysql/lib/protocol/Protocol.js:371:10)
    at Connection._handleNetworkError (/var/www/html/node_modules/mysql/lib/Connection.js:421:18)
    at Socket.emit (events.js:198:13)
    at emitErrorNT (internal/streams/destroy.js:91:8)
    at emitErrorAndCloseNT (internal/streams/destroy.js:59:3)
    at process._tickCallback (internal/process/next_tick.js:63:19)
STARTED at 2020-01-13 09:37
STARTED on port 81
2020-01-13 09:39
CONNECT -> DB -> GET /db/?name=grassworld&tk=a1b2c3d4
2020-01-13 09:39
CONNECT -> DB -> GET /db/?world=grassworld&cat=flora&tk=a1b2c3d4
SELECT * FROM things JOIN genus ON things.Tgenus=genus.Gid WHERE Gmobile=0
2020-01-13 09:39
CONNECT -> DB -> GET /db/?world=grassworld&cat=fauna&tk=a1b2c3d4
SELECT * FROM things JOIN genus ON things.Tgenus=genus.Gid WHERE Gmobile=1
2020-01-13 09:41
CONNECT -> DB -> GET /db/?name=grassworld&tk=a1b2c3d4
2020-01-13 09:41
CONNECT -> DB -> GET /db/?world=grassworld&cat=flora&tk=a1b2c3d4
SELECT * FROM things JOIN genus ON things.Tgenus=genus.Gid WHERE Gmobile=0
2020-01-13 09:41
CONNECT -> DB -> GET /db/?world=grassworld&cat=fauna&tk=a1b2c3d4
SELECT * FROM things JOIN genus ON things.Tgenus=genus.Gid WHERE Gmobile=1
2020-01-13 09:42
CONNECT -> DB -> GET /db/?name=grassworld&tk=a1b2c3d4
2020-01-13 09:42
CONNECT -> DB -> GET /db/?world=grassworld&cat=flora&tk=a1b2c3d4
SELECT * FROM things JOIN genus ON things.Tgenus=genus.Gid WHERE Gmobile=0
2020-01-13 09:42
CONNECT -> DB -> GET /db/?world=grassworld&cat=fauna&tk=a1b2c3d4
SELECT * FROM things JOIN genus ON things.Tgenus=genus.Gid WHERE Gmobile=1
2020-01-13 09:47
CONNECT -> DB -> GET /db/?name=grassworld&tk=a1b2c3d4
2020-01-13 09:47
CONNECT -> DB -> GET /db/?world=grassworld&cat=flora&tk=a1b2c3d4
SELECT * FROM things JOIN genus ON things.Tgenus=genus.Gid WHERE Gmobile=0
2020-01-13 09:47
CONNECT -> DB -> GET /db/?world=grassworld&cat=fauna&tk=a1b2c3d4
SELECT * FROM things JOIN genus ON things.Tgenus=genus.Gid WHERE Gmobile=1
2020-01-13 09:51
CONNECT -> DB -> GET /db/?name=grassworld&tk=a1b2c3d4
2020-01-13 09:51
CONNECT -> DB -> GET /db/?world=grassworld&cat=fauna&tk=a1b2c3d4
SELECT * FROM things JOIN genus ON things.Tgenus=genus.Gid WHERE Gmobile=1
2020-01-13 09:51
CONNECT -> DB -> GET /db/?world=grassworld&cat=flora&tk=a1b2c3d4
SELECT * FROM things JOIN genus ON things.Tgenus=genus.Gid WHERE Gmobile=0
2020-01-13 09:52
CONNECT -> DB -> GET /db/?name=grassworld&tk=a1b2c3d4
2020-01-13 09:52
CONNECT -> DB -> GET /db/?world=grassworld&cat=fauna&tk=a1b2c3d4
SELECT * FROM things JOIN genus ON things.Tgenus=genus.Gid WHERE Gmobile=1
2020-01-13 09:52
CONNECT -> DB -> GET /db/?world=grassworld&cat=flora&tk=a1b2c3d4
SELECT * FROM things JOIN genus ON things.Tgenus=genus.Gid WHERE Gmobile=0
2020-01-13 09:52
CONNECT -> DB -> GET /db/?name=grassworld&tk=a1b2c3d4
2020-01-13 09:52
CONNECT -> DB -> GET /db/?world=grassworld&cat=flora&tk=a1b2c3d4
SELECT * FROM things JOIN genus ON things.Tgenus=genus.Gid WHERE Gmobile=0
2020-01-13 09:52
CONNECT -> DB -> GET /db/?world=grassworld&cat=fauna&tk=a1b2c3d4
SELECT * FROM things JOIN genus ON things.Tgenus=genus.Gid WHERE Gmobile=1
2020-01-13 09:53
CONNECT -> DB -> GET /db/?name=grassworld&tk=a1b2c3d4
2020-01-13 09:53
CONNECT -> DB -> GET /db/?world=grassworld&cat=fauna&tk=a1b2c3d4
SELECT * FROM things JOIN genus ON things.Tgenus=genus.Gid WHERE Gmobile=1
2020-01-13 09:53
CONNECT -> DB -> GET /db/?world=grassworld&cat=flora&tk=a1b2c3d4
SELECT * FROM things JOIN genus ON things.Tgenus=genus.Gid WHERE Gmobile=0
2020-01-13 09:54
CONNECT -> DB -> GET /db/?name=grassworld&tk=a1b2c3d4
2020-01-13 09:54
CONNECT -> DB -> GET /db/?world=grassworld&cat=fauna&tk=a1b2c3d4
SELECT * FROM things JOIN genus ON things.Tgenus=genus.Gid WHERE Gmobile=1
2020-01-13 09:54
CONNECT -> DB -> GET /db/?world=grassworld&cat=flora&tk=a1b2c3d4
SELECT * FROM things JOIN genus ON things.Tgenus=genus.Gid WHERE Gmobile=0
2020-01-13 09:58
CONNECT -> DB -> GET /db/?world=grassworld&cat=flora&tk=a1b2c3d4
SELECT * FROM things JOIN genus ON things.Tgenus=genus.Gid WHERE Gmobile=0
2020-01-13 09:58
CONNECT -> DB -> GET /db/?name=grassworld&tk=a1b2c3d4
2020-01-13 09:58
CONNECT -> DB -> GET /db/?world=grassworld&cat=fauna&tk=a1b2c3d4
SELECT * FROM things JOIN genus ON things.Tgenus=genus.Gid WHERE Gmobile=1
2020-01-13 09:59
CONNECT -> DB -> GET /db/?name=grassworld&tk=a1b2c3d4
2020-01-13 09:59
CONNECT -> DB -> GET /db/?world=grassworld&cat=flora&tk=a1b2c3d4
SELECT * FROM things JOIN genus ON things.Tgenus=genus.Gid WHERE Gmobile=0
2020-01-13 09:59
CONNECT -> DB -> GET /db/?world=grassworld&cat=fauna&tk=a1b2c3d4
SELECT * FROM things JOIN genus ON things.Tgenus=genus.Gid WHERE Gmobile=1
2020-01-13 10:01
CONNECT -> DB -> GET /db/?name=grassworld&tk=a1b2c3d4
2020-01-13 10:01
CONNECT -> DB -> GET /db/?world=grassworld&cat=flora&tk=a1b2c3d4
SELECT * FROM things JOIN genus ON things.Tgenus=genus.Gid WHERE Gmobile=0
2020-01-13 10:01
CONNECT -> DB -> GET /db/?world=grassworld&cat=fauna&tk=a1b2c3d4
SELECT * FROM things JOIN genus ON things.Tgenus=genus.Gid WHERE Gmobile=1
2020-01-13 10:03
CONNECT -> DB -> GET /db/?name=grassworld&tk=a1b2c3d4
2020-01-13 10:03
CONNECT -> DB -> GET /db/?world=grassworld&cat=flora&tk=a1b2c3d4
SELECT * FROM things JOIN genus ON things.Tgenus=genus.Gid WHERE Gmobile=0
2020-01-13 10:03
CONNECT -> DB -> GET /db/?world=grassworld&cat=fauna&tk=a1b2c3d4
SELECT * FROM things JOIN genus ON things.Tgenus=genus.Gid WHERE Gmobile=1
2020-01-13 10:05
CONNECT -> DB -> GET /db/?name=grassworld&tk=a1b2c3d4
2020-01-13 10:05
CONNECT -> DB -> GET /db/?world=grassworld&cat=flora&tk=a1b2c3d4
SELECT * FROM things JOIN genus ON things.Tgenus=genus.Gid WHERE Gmobile=0
2020-01-13 10:05
CONNECT -> DB -> GET /db/?world=grassworld&cat=fauna&tk=a1b2c3d4
SELECT * FROM things JOIN genus ON things.Tgenus=genus.Gid WHERE Gmobile=1
2020-01-13 10:06
CONNECT -> DB -> GET /db/?name=grassworld&tk=a1b2c3d4
2020-01-13 10:06
CONNECT -> DB -> GET /db/?world=grassworld&cat=flora&tk=a1b2c3d4
SELECT * FROM things JOIN genus ON things.Tgenus=genus.Gid WHERE Gmobile=0
2020-01-13 10:06
CONNECT -> DB -> GET /db/?world=grassworld&cat=fauna&tk=a1b2c3d4
SELECT * FROM things JOIN genus ON things.Tgenus=genus.Gid WHERE Gmobile=1
2020-01-13 10:06
CONNECT -> DB -> GET /db/?world=grassworld&cat=flora&tk=a1b2c3d4
SELECT * FROM things JOIN genus ON things.Tgenus=genus.Gid WHERE Gmobile=0
2020-01-13 10:06
CONNECT -> DB -> GET /db/?name=grassworld&tk=a1b2c3d4
2020-01-13 10:06
CONNECT -> DB -> GET /db/?world=grassworld&cat=fauna&tk=a1b2c3d4
SELECT * FROM things JOIN genus ON things.Tgenus=genus.Gid WHERE Gmobile=1
2020-01-13 10:07
CONNECT -> DB -> GET /db/?name=grassworld&tk=a1b2c3d4
2020-01-13 10:07
CONNECT -> DB -> GET /db/?world=grassworld&cat=flora&tk=a1b2c3d4
SELECT * FROM things JOIN genus ON things.Tgenus=genus.Gid WHERE Gmobile=0
2020-01-13 10:07
CONNECT -> DB -> GET /db/?world=grassworld&cat=fauna&tk=a1b2c3d4
SELECT * FROM things JOIN genus ON things.Tgenus=genus.Gid WHERE Gmobile=1
2020-01-13 10:08
CONNECT -> DB -> GET /db/?world=grassworld&cat=flora&tk=a1b2c3d4
SELECT * FROM things JOIN genus ON things.Tgenus=genus.Gid WHERE Gmobile=0
2020-01-13 10:08
CONNECT -> DB -> GET /db/?name=grassworld&tk=a1b2c3d4
2020-01-13 10:08
CONNECT -> DB -> GET /db/?world=grassworld&cat=fauna&tk=a1b2c3d4
SELECT * FROM things JOIN genus ON things.Tgenus=genus.Gid WHERE Gmobile=1
2020-01-13 10:09
CONNECT -> DB -> GET /db/?name=grassworld&tk=a1b2c3d4
2020-01-13 10:09
CONNECT -> DB -> GET /db/?world=grassworld&cat=flora&tk=a1b2c3d4
SELECT * FROM things JOIN genus ON things.Tgenus=genus.Gid WHERE Gmobile=0
2020-01-13 10:09
CONNECT -> DB -> GET /db/?world=grassworld&cat=fauna&tk=a1b2c3d4
SELECT * FROM things JOIN genus ON things.Tgenus=genus.Gid WHERE Gmobile=1
2020-01-13 10:10
CONNECT -> DB -> GET /db/?name=grassworld&tk=a1b2c3d4
2020-01-13 10:10
CONNECT -> DB -> GET /db/?world=grassworld&cat=flora&tk=a1b2c3d4
SELECT * FROM things JOIN genus ON things.Tgenus=genus.Gid WHERE Gmobile=0
2020-01-13 10:10
CONNECT -> DB -> GET /db/?world=grassworld&cat=fauna&tk=a1b2c3d4
SELECT * FROM things JOIN genus ON things.Tgenus=genus.Gid WHERE Gmobile=1
2020-01-13 10:10
CONNECT -> DB -> GET /db/?name=grassworld&tk=a1b2c3d4
2020-01-13 10:10
CONNECT -> DB -> GET /db/?world=grassworld&cat=flora&tk=a1b2c3d4
SELECT * FROM things JOIN genus ON things.Tgenus=genus.Gid WHERE Gmobile=0
2020-01-13 10:10
CONNECT -> DB -> GET /db/?world=grassworld&cat=fauna&tk=a1b2c3d4
SELECT * FROM things JOIN genus ON things.Tgenus=genus.Gid WHERE Gmobile=1
2020-01-13 10:10
CONNECT -> DB -> GET /db/?name=grassworld&tk=a1b2c3d4
2020-01-13 10:10
CONNECT -> DB -> GET /db/?world=grassworld&cat=flora&tk=a1b2c3d4
SELECT * FROM things JOIN genus ON things.Tgenus=genus.Gid WHERE Gmobile=0
2020-01-13 10:10
CONNECT -> DB -> GET /db/?world=grassworld&cat=fauna&tk=a1b2c3d4
SELECT * FROM things JOIN genus ON things.Tgenus=genus.Gid WHERE Gmobile=1
2020-01-13 10:18
CONNECT -> DB -> GET /db/?name=grassworld&tk=a1b2c3d4
2020-01-13 10:18
CONNECT -> DB -> GET /db/?world=grassworld&cat=flora&tk=a1b2c3d4
SELECT * FROM things JOIN genus ON things.Tgenus=genus.Gid WHERE Gmobile=0
2020-01-13 10:18
CONNECT -> DB -> GET /db/?world=grassworld&cat=fauna&tk=a1b2c3d4
SELECT * FROM things JOIN genus ON things.Tgenus=genus.Gid WHERE Gmobile=1
2020-01-13 10:31
CONNECT -> DB -> GET /db/?name=grassworld&tk=a1b2c3d4
2020-01-13 10:31
CONNECT -> DB -> GET /db/?world=grassworld&cat=flora&tk=a1b2c3d4
SELECT * FROM things JOIN genus ON things.Tgenus=genus.Gid WHERE Gmobile=0
2020-01-13 10:31
CONNECT -> DB -> GET /db/?world=grassworld&cat=fauna&tk=a1b2c3d4
SELECT * FROM things JOIN genus ON things.Tgenus=genus.Gid WHERE Gmobile=1
2020-01-13 10:35
CONNECT -> DB -> GET /db/?name=grassworld&tk=a1b2c3d4
2020-01-13 10:35
CONNECT -> DB -> GET /db/?world=grassworld&cat=flora&tk=a1b2c3d4
SELECT * FROM things JOIN genus ON things.Tgenus=genus.Gid WHERE Gmobile=0
2020-01-13 10:35
CONNECT -> DB -> GET /db/?world=grassworld&cat=fauna&tk=a1b2c3d4
SELECT * FROM things JOIN genus ON things.Tgenus=genus.Gid WHERE Gmobile=1
2020-01-13 12:51
CONNECT -> DB -> GET /db/?name=grassworld&tk=a1b2c3d4
2020-01-13 12:51
CONNECT -> DB -> GET /db/?name=grassworld&tk=a1b2c3d4
2020-01-13 12:51
CONNECT -> DB -> GET /db/?world=grassworld&cat=flora&tk=a1b2c3d4
SELECT * FROM things JOIN genus ON things.Tgenus=genus.Gid WHERE Gmobile=0
2020-01-13 12:51
CONNECT -> DB -> GET /db/?world=grassworld&cat=fauna&tk=a1b2c3d4
SELECT * FROM things JOIN genus ON things.Tgenus=genus.Gid WHERE Gmobile=1
2020-01-13 13:15
CONNECT -> DB -> GET /db/?name=grassworld&tk=a1b2c3d4
2020-01-13 13:15
CONNECT -> DB -> GET /db/?world=grassworld&cat=flora&tk=a1b2c3d4
SELECT * FROM things JOIN genus ON things.Tgenus=genus.Gid WHERE Gmobile=0
2020-01-13 13:15
CONNECT -> DB -> GET /db/?world=grassworld&cat=fauna&tk=a1b2c3d4
SELECT * FROM things JOIN genus ON things.Tgenus=genus.Gid WHERE Gmobile=1
2020-01-13 13:15
CONNECT -> DB -> GET /db/?name=grassworld&tk=a1b2c3d4
2020-01-13 13:15
CONNECT -> DB -> GET /db/?world=grassworld&cat=flora&tk=a1b2c3d4
SELECT * FROM things JOIN genus ON things.Tgenus=genus.Gid WHERE Gmobile=0
2020-01-13 13:15
CONNECT -> DB -> GET /db/?world=grassworld&cat=fauna&tk=a1b2c3d4
SELECT * FROM things JOIN genus ON things.Tgenus=genus.Gid WHERE Gmobile=1
2020-01-13 13:16
CONNECT -> DB -> GET /db/?name=grassworld&tk=a1b2c3d4
2020-01-13 13:16
CONNECT -> DB -> GET /db/?world=grassworld&cat=flora&tk=a1b2c3d4
SELECT * FROM things JOIN genus ON things.Tgenus=genus.Gid WHERE Gmobile=0
2020-01-13 13:16
CONNECT -> DB -> GET /db/?world=grassworld&cat=fauna&tk=a1b2c3d4
SELECT * FROM things JOIN genus ON things.Tgenus=genus.Gid WHERE Gmobile=1
2020-01-13 13:33
CONNECT -> DB -> GET /db/?name=grassworld&tk=a1b2c3d4
2020-01-13 13:33
CONNECT -> DB -> GET /db/?world=grassworld&cat=flora&tk=a1b2c3d4
SELECT * FROM things JOIN genus ON things.Tgenus=genus.Gid WHERE Gmobile=0
2020-01-13 13:33
CONNECT -> DB -> GET /db/?world=grassworld&cat=fauna&tk=a1b2c3d4
SELECT * FROM things JOIN genus ON things.Tgenus=genus.Gid WHERE Gmobile=1
2020-01-13 13:34
CONNECT -> DB -> GET /db/?name=grassworld&tk=a1b2c3d4
2020-01-13 13:34
CONNECT -> DB -> GET /db/?world=grassworld&cat=flora&tk=a1b2c3d4
SELECT * FROM things JOIN genus ON things.Tgenus=genus.Gid WHERE Gmobile=0
2020-01-13 13:34
CONNECT -> DB -> GET /db/?world=grassworld&cat=fauna&tk=a1b2c3d4
SELECT * FROM things JOIN genus ON things.Tgenus=genus.Gid WHERE Gmobile=1
2020-01-13 13:36
CONNECT -> DB -> GET /db/?name=grassworld&tk=a1b2c3d4
2020-01-13 13:36
CONNECT -> DB -> GET /db/?world=grassworld&cat=flora&tk=a1b2c3d4
SELECT * FROM things JOIN genus ON things.Tgenus=genus.Gid WHERE Gmobile=0
2020-01-13 13:36
CONNECT -> DB -> GET /db/?world=grassworld&cat=fauna&tk=a1b2c3d4
SELECT * FROM things JOIN genus ON things.Tgenus=genus.Gid WHERE Gmobile=1
internal/modules/cjs/loader.js:638
    throw err;
    ^

Error: Cannot find module '/var/www/html/chess-backend.js'
    at Function.Module._resolveFilename (internal/modules/cjs/loader.js:636:15)
    at Function.Module._load (internal/modules/cjs/loader.js:562:25)
    at Function.Module.runMain (internal/modules/cjs/loader.js:831:12)
    at startup (internal/bootstrap/node.js:283:19)
    at bootstrapNodeJSCore (internal/bootstrap/node.js:622:3)
2020-01-13 14:13
CONNECT -> DB -> GET /db/?name=grassworld&tk=a1b2c3d4
2020-01-13 14:13
CONNECT -> DB -> GET /db/?world=grassworld&cat=flora&tk=a1b2c3d4
SELECT * FROM things JOIN genus ON things.Tgenus=genus.Gid WHERE Gmobile=0
2020-01-13 14:13
CONNECT -> DB -> GET /db/?world=grassworld&cat=fauna&tk=a1b2c3d4
SELECT * FROM things JOIN genus ON things.Tgenus=genus.Gid WHERE Gmobile=1
internal/modules/cjs/loader.js:638
    throw err;
    ^

Error: Cannot find module '/var/www/html/chess-backend.js'
    at Function.Module._resolveFilename (internal/modules/cjs/loader.js:636:15)
    at Function.Module._load (internal/modules/cjs/loader.js:562:25)
    at Function.Module.runMain (internal/modules/cjs/loader.js:831:12)
    at startup (internal/bootstrap/node.js:283:19)
    at bootstrapNodeJSCore (internal/bootstrap/node.js:622:3)
2020-01-13 14:35
CONNECT -> DB -> GET /db/?name=grassworld&tk=a1b2c3d4
2020-01-13 14:35
CONNECT -> DB -> GET /db/?world=grassworld&cat=flora&tk=a1b2c3d4
SELECT * FROM things JOIN genus ON things.Tgenus=genus.Gid WHERE Gmobile=0
2020-01-13 14:35
CONNECT -> DB -> GET /db/?world=grassworld&cat=fauna&tk=a1b2c3d4
SELECT * FROM things JOIN genus ON things.Tgenus=genus.Gid WHERE Gmobile=1
2020-01-13 15:27
CONNECT -> DB -> GET /db/?name=grassworld&tk=a1b2c3d4
2020-01-13 15:27
CONNECT -> DB -> GET /db/?world=grassworld&cat=flora&tk=a1b2c3d4
SELECT * FROM things JOIN genus ON things.Tgenus=genus.Gid WHERE Gmobile=0
2020-01-13 15:27
CONNECT -> DB -> GET /db/?world=grassworld&cat=fauna&tk=a1b2c3d4
SELECT * FROM things JOIN genus ON things.Tgenus=genus.Gid WHERE Gmobile=1
2020-01-13 15:41
CONNECT -> DB -> GET /db/?name=grassworld&tk=a1b2c3d4
2020-01-13 15:41
CONNECT -> DB -> GET /db/?world=grassworld&cat=flora&tk=a1b2c3d4
SELECT * FROM things JOIN genus ON things.Tgenus=genus.Gid WHERE Gmobile=0
2020-01-13 15:41
CONNECT -> DB -> GET /db/?world=grassworld&cat=fauna&tk=a1b2c3d4
SELECT * FROM things JOIN genus ON things.Tgenus=genus.Gid WHERE Gmobile=1
2020-01-13 15:52
CONNECT -> DB -> GET /db/?name=grassworld&tk=a1b2c3d4
2020-01-13 15:52
CONNECT -> DB -> GET /db/?world=grassworld&cat=flora&tk=a1b2c3d4
SELECT * FROM things JOIN genus ON things.Tgenus=genus.Gid WHERE Gmobile=0
2020-01-13 15:52
CONNECT -> DB -> GET /db/?world=grassworld&cat=fauna&tk=a1b2c3d4
SELECT * FROM things JOIN genus ON things.Tgenus=genus.Gid WHERE Gmobile=1
2020-01-13 16:45
CONNECT -> DB -> GET /db/?name=grassworld&tk=a1b2c3d4
2020-01-13 16:45
CONNECT -> DB -> GET /db/?world=grassworld&cat=flora&tk=a1b2c3d4
SELECT * FROM things JOIN genus ON things.Tgenus=genus.Gid WHERE Gmobile=0
2020-01-13 16:45
CONNECT -> DB -> GET /db/?world=grassworld&cat=fauna&tk=a1b2c3d4
SELECT * FROM things JOIN genus ON things.Tgenus=genus.Gid WHERE Gmobile=1
2020-01-13 16:48
CONNECT -> DB -> GET /db/?name=grassworld&tk=a1b2c3d4
2020-01-13 16:48
CONNECT -> DB -> GET /db/?world=grassworld&cat=flora&tk=a1b2c3d4
SELECT * FROM things JOIN genus ON things.Tgenus=genus.Gid WHERE Gmobile=0
2020-01-13 16:48
CONNECT -> DB -> GET /db/?world=grassworld&cat=fauna&tk=a1b2c3d4
SELECT * FROM things JOIN genus ON things.Tgenus=genus.Gid WHERE Gmobile=1
2020-01-13 20:00
CONNECT -> DB -> GET /db/?name=grassworld&tk=a1b2c3d4
2020-01-13 20:00
CONNECT -> DB -> GET /db/?world=grassworld&cat=flora&tk=a1b2c3d4
SELECT * FROM things JOIN genus ON things.Tgenus=genus.Gid WHERE Gmobile=0
2020-01-13 20:00
CONNECT -> DB -> GET /db/?world=grassworld&cat=fauna&tk=a1b2c3d4
SELECT * FROM things JOIN genus ON things.Tgenus=genus.Gid WHERE Gmobile=1
2020-01-13 20:00
CONNECT -> DB -> GET /db/?world=grassworld&cat=object&tk=a1b2c3d4
2020-01-13 20:00
CONNECT -> DB -> GET /db/?name=grassworld&tk=a1b2c3d4
2020-01-13 20:00
CONNECT -> DB -> GET /db/?world=grassworld&cat=flora&tk=a1b2c3d4
SELECT * FROM things JOIN genus ON things.Tgenus=genus.Gid WHERE Gmobile=0
2020-01-13 20:00
CONNECT -> DB -> GET /db/?world=grassworld&cat=fauna&tk=a1b2c3d4
SELECT * FROM things JOIN genus ON things.Tgenus=genus.Gid WHERE Gmobile=1
STARTED at 2020-01-13 20:15
STARTED on port 81
2020-01-13 20:18
CONNECT -> DB -> GET /db/?name=grassworld&tk=a1b2c3d4
2020-01-13 20:18
CONNECT -> DB -> GET /db/?world=grassworld&cat=flora&tk=a1b2c3d4
SELECT * FROM things JOIN genus ON things.Tgenus=genus.Gid WHERE Gmobile=0
2020-01-13 20:18
CONNECT -> DB -> GET /db/?world=grassworld&cat=fauna&tk=a1b2c3d4
SELECT * FROM things JOIN genus ON things.Tgenus=genus.Gid WHERE Gmobile=1
STARTED at 2020-01-13 20:23
STARTED on port 81
2020-01-13 20:23
CONNECT -> DB -> GET /db/?world=grassworld&cat=flora&tk=a1b2c3d4
SELECT * FROM things JOIN genus ON things.Tgenus=genus.Gid WHERE Gmobile=0
2020-01-13 20:23
CONNECT -> DB -> GET /db/?name=grassworld&tk=a1b2c3d4
2020-01-13 20:23
CONNECT -> DB -> GET /db/?world=grassworld&cat=fauna&tk=a1b2c3d4
SELECT * FROM things JOIN genus ON things.Tgenus=genus.Gid WHERE Gmobile=1
2020-01-13 20:31
CONNECT -> DB -> GET /db/?name=grassworld&tk=a1b2c3d4
2020-01-13 20:31
CONNECT -> DB -> GET /db/?world=grassworld&cat=flora&tk=a1b2c3d4
SELECT * FROM things JOIN genus ON things.Tgenus=genus.Gid WHERE Gmobile=0
2020-01-13 20:31
CONNECT -> DB -> GET /db/?world=grassworld&cat=fauna&tk=a1b2c3d4
SELECT * FROM things JOIN genus ON things.Tgenus=genus.Gid WHERE Gmobile=1
2020-01-13 21:15
CONNECT -> DB -> GET /db/?name=grassworld&tk=a1b2c3d4
2020-01-13 21:15
CONNECT -> DB -> GET /db/?world=grassworld&cat=flora&tk=a1b2c3d4
SELECT * FROM things JOIN genus ON things.Tgenus=genus.Gid WHERE Gmobile=0
2020-01-13 21:15
CONNECT -> DB -> GET /db/?world=grassworld&cat=fauna&tk=a1b2c3d4
SELECT * FROM things JOIN genus ON things.Tgenus=genus.Gid WHERE Gmobile=1
2020-01-13 21:16
CONNECT -> DB -> GET /db/?name=grassworld&tk=a1b2c3d4
2020-01-13 21:16
CONNECT -> DB -> GET /db/?world=grassworld&cat=flora&tk=a1b2c3d4
SELECT * FROM things JOIN genus ON things.Tgenus=genus.Gid WHERE Gmobile=0
2020-01-13 21:16
CONNECT -> DB -> GET /db/?world=grassworld&cat=fauna&tk=a1b2c3d4
SELECT * FROM things JOIN genus ON things.Tgenus=genus.Gid WHERE Gmobile=1
2020-01-13 21:17
CONNECT -> DB -> GET /db/?name=grassworld&tk=a1b2c3d4
2020-01-13 21:17
CONNECT -> DB -> GET /db/?world=grassworld&cat=flora&tk=a1b2c3d4
SELECT * FROM things JOIN genus ON things.Tgenus=genus.Gid WHERE Gmobile=0
2020-01-13 21:17
CONNECT -> DB -> GET /db/?world=grassworld&cat=fauna&tk=a1b2c3d4
SELECT * FROM things JOIN genus ON things.Tgenus=genus.Gid WHERE Gmobile=1
2020-01-13 21:17
CONNECT -> DB -> GET /db/?name=grassworld&tk=a1b2c3d4
2020-01-13 21:17
CONNECT -> DB -> GET /db/?world=grassworld&cat=fauna&tk=a1b2c3d4
SELECT * FROM things JOIN genus ON things.Tgenus=genus.Gid WHERE Gmobile=1
2020-01-13 21:17
CONNECT -> DB -> GET /db/?world=grassworld&cat=flora&tk=a1b2c3d4
SELECT * FROM things JOIN genus ON things.Tgenus=genus.Gid WHERE Gmobile=0
2020-01-13 21:18
CONNECT -> DB -> GET /db/?world=grassworld&cat=flora&tk=a1b2c3d4
SELECT * FROM things JOIN genus ON things.Tgenus=genus.Gid WHERE Gmobile=0
2020-01-13 21:18
CONNECT -> DB -> GET /db/?name=grassworld&tk=a1b2c3d4
2020-01-13 21:18
CONNECT -> DB -> GET /db/?world=grassworld&cat=fauna&tk=a1b2c3d4
SELECT * FROM things JOIN genus ON things.Tgenus=genus.Gid WHERE Gmobile=1
2020-01-13 21:19
CONNECT -> DB -> GET /db/?name=grassworld&tk=a1b2c3d4
2020-01-13 21:19
CONNECT -> DB -> GET /db/?world=grassworld&cat=flora&tk=a1b2c3d4
SELECT * FROM things JOIN genus ON things.Tgenus=genus.Gid WHERE Gmobile=0
2020-01-13 21:19
CONNECT -> DB -> GET /db/?world=grassworld&cat=fauna&tk=a1b2c3d4
SELECT * FROM things JOIN genus ON things.Tgenus=genus.Gid WHERE Gmobile=1
2020-01-13 21:20
CONNECT -> DB -> GET /db/?name=grassworld&tk=a1b2c3d4
2020-01-13 21:20
CONNECT -> DB -> GET /db/?world=grassworld&cat=flora&tk=a1b2c3d4
SELECT * FROM things JOIN genus ON things.Tgenus=genus.Gid WHERE Gmobile=0
2020-01-13 21:20
CONNECT -> DB -> GET /db/?world=grassworld&cat=fauna&tk=a1b2c3d4
SELECT * FROM things JOIN genus ON things.Tgenus=genus.Gid WHERE Gmobile=1
2020-01-13 21:21
CONNECT -> DB -> GET /db/?name=grassworld&tk=a1b2c3d4
2020-01-13 21:21
CONNECT -> DB -> GET /db/?world=grassworld&cat=flora&tk=a1b2c3d4
SELECT * FROM things JOIN genus ON things.Tgenus=genus.Gid WHERE Gmobile=0
2020-01-13 21:21
CONNECT -> DB -> GET /db/?world=grassworld&cat=fauna&tk=a1b2c3d4
SELECT * FROM things JOIN genus ON things.Tgenus=genus.Gid WHERE Gmobile=1
2020-01-13 21:21
CONNECT -> DB -> GET /db/?name=grassworld&tk=a1b2c3d4
2020-01-13 21:21
CONNECT -> DB -> GET /db/?world=grassworld&cat=flora&tk=a1b2c3d4
SELECT * FROM things JOIN genus ON things.Tgenus=genus.Gid WHERE Gmobile=0
2020-01-13 21:21
CONNECT -> DB -> GET /db/?world=grassworld&cat=fauna&tk=a1b2c3d4
SELECT * FROM things JOIN genus ON things.Tgenus=genus.Gid WHERE Gmobile=1
2020-01-13 21:22
CONNECT -> DB -> GET /db/?name=grassworld&tk=a1b2c3d4
2020-01-13 21:22
CONNECT -> DB -> GET /db/?world=grassworld&cat=flora&tk=a1b2c3d4
SELECT * FROM things JOIN genus ON things.Tgenus=genus.Gid WHERE Gmobile=0
2020-01-13 21:22
CONNECT -> DB -> GET /db/?world=grassworld&cat=fauna&tk=a1b2c3d4
SELECT * FROM things JOIN genus ON things.Tgenus=genus.Gid WHERE Gmobile=1
2020-01-13 21:25
CONNECT -> DB -> GET /db/?name=grassworld&tk=a1b2c3d4
2020-01-13 21:25
CONNECT -> DB -> GET /db/?world=grassworld&cat=flora&tk=a1b2c3d4
SELECT * FROM things JOIN genus ON things.Tgenus=genus.Gid WHERE Gmobile=0
2020-01-13 21:25
CONNECT -> DB -> GET /db/?world=grassworld&cat=fauna&tk=a1b2c3d4
SELECT * FROM things JOIN genus ON things.Tgenus=genus.Gid WHERE Gmobile=1
2020-01-13 21:28
CONNECT -> DB -> GET /db/?name=grassworld&tk=a1b2c3d4
2020-01-13 21:28
CONNECT -> DB -> GET /db/?world=grassworld&cat=flora&tk=a1b2c3d4
SELECT * FROM things JOIN genus ON things.Tgenus=genus.Gid WHERE Gmobile=0
2020-01-13 21:28
CONNECT -> DB -> GET /db/?world=grassworld&cat=fauna&tk=a1b2c3d4
SELECT * FROM things JOIN genus ON things.Tgenus=genus.Gid WHERE Gmobile=1
2020-01-13 21:30
CONNECT -> DB -> GET /db/?name=grassworld&tk=a1b2c3d4
2020-01-13 21:30
CONNECT -> DB -> GET /db/?world=grassworld&cat=flora&tk=a1b2c3d4
SELECT * FROM things JOIN genus ON things.Tgenus=genus.Gid WHERE Gmobile=0
2020-01-13 21:30
CONNECT -> DB -> GET /db/?world=grassworld&cat=fauna&tk=a1b2c3d4
SELECT * FROM things JOIN genus ON things.Tgenus=genus.Gid WHERE Gmobile=1
2020-01-13 21:30
CONNECT -> DB -> GET /db/?name=grassworld&tk=a1b2c3d4
2020-01-13 21:30
CONNECT -> DB -> GET /db/?world=grassworld&cat=flora&tk=a1b2c3d4
SELECT * FROM things JOIN genus ON things.Tgenus=genus.Gid WHERE Gmobile=0
2020-01-13 21:30
CONNECT -> DB -> GET /db/?world=grassworld&cat=fauna&tk=a1b2c3d4
SELECT * FROM things JOIN genus ON things.Tgenus=genus.Gid WHERE Gmobile=1
2020-01-13 21:31
CONNECT -> DB -> GET /db/?name=grassworld&tk=a1b2c3d4
2020-01-13 21:31
CONNECT -> DB -> GET /db/?world=grassworld&cat=flora&tk=a1b2c3d4
SELECT * FROM things JOIN genus ON things.Tgenus=genus.Gid WHERE Gmobile=0
2020-01-13 21:31
CONNECT -> DB -> GET /db/?world=grassworld&cat=fauna&tk=a1b2c3d4
SELECT * FROM things JOIN genus ON things.Tgenus=genus.Gid WHERE Gmobile=1
2020-01-13 21:34
CONNECT -> DB -> GET /db/?name=grassworld&tk=a1b2c3d4
2020-01-13 21:34
CONNECT -> DB -> GET /db/?world=grassworld&cat=flora&tk=a1b2c3d4
SELECT * FROM things JOIN genus ON things.Tgenus=genus.Gid WHERE Gmobile=0
2020-01-13 21:34
CONNECT -> DB -> GET /db/?world=grassworld&cat=fauna&tk=a1b2c3d4
SELECT * FROM things JOIN genus ON things.Tgenus=genus.Gid WHERE Gmobile=1
2020-01-13 21:37
CONNECT -> DB -> GET /db/?name=grassworld&tk=a1b2c3d4
2020-01-13 21:37
CONNECT -> DB -> GET /db/?world=grassworld&cat=fauna&tk=a1b2c3d4
SELECT * FROM things JOIN genus ON things.Tgenus=genus.Gid WHERE Gmobile=1
2020-01-13 21:37
CONNECT -> DB -> GET /db/?world=grassworld&cat=flora&tk=a1b2c3d4
SELECT * FROM things JOIN genus ON things.Tgenus=genus.Gid WHERE Gmobile=0
2020-01-13 21:38
CONNECT -> DB -> GET /db/?name=grassworld&tk=a1b2c3d4
2020-01-13 21:38
CONNECT -> DB -> GET /db/?world=grassworld&cat=flora&tk=a1b2c3d4
SELECT * FROM things JOIN genus ON things.Tgenus=genus.Gid WHERE Gmobile=0
2020-01-13 21:38
CONNECT -> DB -> GET /db/?world=grassworld&cat=fauna&tk=a1b2c3d4
SELECT * FROM things JOIN genus ON things.Tgenus=genus.Gid WHERE Gmobile=1
2020-01-13 21:39
CONNECT -> DB -> GET /db/?name=grassworld&tk=a1b2c3d4
2020-01-13 21:39
CONNECT -> DB -> GET /db/?world=grassworld&cat=flora&tk=a1b2c3d4
SELECT * FROM things JOIN genus ON things.Tgenus=genus.Gid WHERE Gmobile=0
2020-01-13 21:39
CONNECT -> DB -> GET /db/?world=grassworld&cat=fauna&tk=a1b2c3d4
SELECT * FROM things JOIN genus ON things.Tgenus=genus.Gid WHERE Gmobile=1
STARTED at 2020-01-13 23:09
STARTED on port 81
